SF:/Users/scheglov/Source/Dart/sdk.git/sdk/pkg/analyzer/lib/src/test_utilities/lint_registration_mixin.dart
DA:14,1
DA:15,2
DA:16,2
DA:21,0
DA:22,0
DA:26,1
DA:27,4
DA:28,2
LF:8
LH:6
end_of_record
SF:/Users/scheglov/Source/Dart/sdk.git/sdk/pkg/analyzer/lib/dart/ast/visitor.dart
DA:61,0
DA:62,0
DA:67,0
DA:68,0
DA:69,0
DA:70,0
DA:71,0
DA:75,0
DA:77,0
DA:103,0
DA:105,0
DA:107,0
DA:108,0
DA:132,1
DA:134,1
DA:135,1
DA:137,2
DA:139,1
DA:140,1
DA:142,1
DA:143,1
DA:145,1
DA:146,1
DA:148,1
DA:149,1
DA:151,0
DA:152,0
DA:154,0
DA:156,0
DA:158,1
DA:160,1
DA:162,0
DA:164,0
DA:166,0
DA:168,0
DA:170,0
DA:171,0
DA:173,1
DA:174,1
DA:176,1
DA:177,1
DA:179,1
DA:180,1
DA:182,1
DA:183,1
DA:185,0
DA:186,0
DA:188,0
DA:189,0
DA:191,0
DA:192,0
DA:194,0
DA:195,0
DA:197,0
DA:198,0
DA:200,0
DA:201,0
DA:203,1
DA:205,1
DA:207,2
DA:209,1
DA:210,1
DA:212,2
DA:214,2
DA:216,1
DA:217,1
DA:219,1
DA:220,1
DA:222,1
DA:223,1
DA:225,1
DA:226,1
DA:228,1
DA:230,1
DA:232,0
DA:233,0
DA:235,0
DA:236,0
DA:238,1
DA:240,1
DA:242,1
DA:244,1
DA:246,1
DA:247,1
DA:249,1
DA:250,1
DA:252,0
DA:254,0
DA:256,0
DA:257,0
DA:259,0
DA:260,0
DA:262,0
DA:264,2
DA:266,0
DA:267,0
DA:269,0
DA:271,0
DA:273,1
DA:275,1
DA:277,2
DA:279,0
DA:280,0
DA:282,0
DA:285,0
DA:287,0
DA:289,0
DA:291,0
DA:293,0
DA:295,0
DA:296,0
DA:298,1
DA:299,1
DA:301,1
DA:302,1
DA:304,0
DA:305,0
DA:307,0
DA:308,0
DA:310,1
DA:312,1
DA:314,1
DA:316,1
DA:318,1
DA:320,1
DA:322,2
DA:324,1
DA:326,1
DA:328,1
DA:329,1
DA:331,1
DA:332,1
DA:334,1
DA:336,1
DA:338,1
DA:339,1
DA:341,0
DA:342,0
DA:344,1
DA:346,1
DA:348,1
DA:349,1
DA:351,1
DA:353,1
DA:355,0
DA:357,0
DA:359,0
DA:361,0
DA:363,0
DA:365,0
DA:367,0
DA:369,0
DA:370,0
DA:372,2
DA:374,1
DA:375,1
DA:377,0
DA:379,0
DA:381,0
DA:383,0
DA:385,0
DA:387,0
DA:388,0
DA:390,0
DA:391,0
DA:393,2
DA:395,1
DA:397,2
DA:398,0
DA:400,1
DA:403,0
DA:405,0
DA:407,1
DA:408,1
DA:410,0
DA:412,0
DA:414,0
DA:415,0
DA:417,0
DA:418,0
DA:420,1
DA:422,1
DA:424,1
DA:426,1
DA:428,1
DA:429,1
DA:431,0
DA:432,0
DA:434,1
DA:435,1
DA:437,2
DA:439,0
DA:440,0
DA:442,1
DA:443,1
DA:445,1
DA:446,1
DA:448,0
DA:449,0
DA:451,1
DA:453,1
DA:455,1
DA:456,1
DA:458,0
DA:459,0
DA:461,1
DA:463,1
DA:465,1
DA:466,1
DA:468,2
DA:470,1
DA:472,1
DA:474,1
DA:476,1
DA:478,1
DA:479,1
DA:481,0
DA:482,0
DA:484,1
DA:485,1
DA:487,0
DA:488,0
DA:490,1
DA:491,1
DA:493,1
DA:494,1
DA:496,1
DA:497,1
DA:499,0
DA:500,0
DA:502,2
DA:504,0
DA:505,0
DA:507,0
DA:508,0
DA:510,1
DA:511,1
DA:513,0
DA:514,0
DA:516,0
DA:517,0
DA:519,1
DA:520,1
DA:522,1
DA:524,1
DA:526,1
DA:528,1
DA:530,1
DA:532,1
DA:535,1
DA:536,1
DA:538,1
DA:539,1
DA:541,1
DA:542,1
DA:544,1
DA:545,1
DA:547,0
DA:548,0
DA:550,1
DA:552,1
DA:554,1
DA:555,1
DA:559,1
DA:560,1
DA:562,0
DA:563,0
DA:565,0
DA:567,0
DA:569,0
DA:570,0
DA:572,1
DA:573,1
DA:575,0
DA:576,0
DA:578,1
DA:580,1
DA:582,0
DA:584,0
DA:586,1
DA:587,1
DA:589,1
DA:590,1
DA:592,0
DA:593,0
DA:595,0
DA:596,0
DA:598,0
DA:599,0
DA:601,0
DA:603,0
DA:605,0
DA:608,0
DA:610,1
DA:611,1
DA:613,1
DA:614,1
DA:616,1
DA:617,1
DA:619,1
DA:620,1
DA:622,0
DA:623,0
DA:625,0
DA:626,0
DA:628,1
DA:630,1
DA:632,1
DA:633,1
DA:635,1
DA:637,1
DA:639,1
DA:642,1
DA:644,1
DA:647,1
DA:649,1
DA:652,1
DA:654,0
DA:655,0
DA:657,1
DA:659,1
DA:661,1
DA:663,1
DA:665,0
DA:666,0
DA:668,0
DA:669,0
DA:671,1
DA:672,1
DA:674,0
DA:675,0
DA:677,1
DA:678,1
DA:680,1
DA:681,1
DA:683,1
DA:685,1
DA:687,0
DA:688,0
DA:690,1
DA:692,1
DA:694,1
DA:695,1
DA:697,0
DA:698,0
DA:700,2
DA:702,1
DA:704,1
DA:706,2
DA:708,1
DA:710,1
DA:712,0
DA:713,0
DA:715,0
DA:717,0
DA:719,0
DA:720,0
DA:722,0
DA:723,0
DA:725,0
DA:726,0
DA:728,0
DA:729,0
DA:731,0
DA:733,0
DA:734,0
DA:736,0
DA:737,0
DA:739,0
DA:740,0
DA:742,0
DA:743,0
DA:745,1
DA:746,1
DA:748,1
DA:750,1
DA:752,0
DA:753,0
DA:755,2
DA:757,2
DA:759,1
DA:760,1
DA:762,2
DA:764,0
DA:765,0
DA:767,1
DA:768,1
DA:770,1
DA:771,1
DA:773,2
DA:775,1
DA:777,1
DA:779,1
DA:781,1
DA:783,1
DA:785,1
DA:787,0
DA:788,0
DA:790,0
DA:791,0
DA:793,0
DA:794,0
DA:796,1
DA:797,1
DA:799,0
DA:800,0
DA:815,1
DA:817,1
DA:819,1
DA:823,1
DA:825,1
DA:829,1
DA:831,1
DA:835,1
DA:837,1
DA:841,1
DA:843,1
DA:847,0
DA:849,0
DA:853,0
DA:855,0
DA:859,1
DA:861,1
DA:865,0
DA:867,0
DA:871,0
DA:873,0
DA:877,0
DA:879,0
DA:883,1
DA:885,1
DA:889,1
DA:891,1
DA:895,1
DA:897,1
DA:901,1
DA:903,1
DA:907,0
DA:909,0
DA:913,0
DA:915,0
DA:919,0
DA:921,0
DA:925,0
DA:927,0
DA:931,0
DA:933,0
DA:937,0
DA:939,0
DA:943,1
DA:945,1
DA:949,0
DA:951,0
DA:955,0
DA:957,0
DA:961,0
DA:963,0
DA:967,1
DA:969,1
DA:973,1
DA:975,1
DA:979,0
DA:981,0
DA:985,0
DA:987,0
DA:991,1
DA:993,1
DA:997,1
DA:999,1
DA:1003,1
DA:1005,1
DA:1009,0
DA:1011,0
DA:1015,0
DA:1017,0
DA:1021,0
DA:1023,0
DA:1027,0
DA:1029,0
DA:1033,0
DA:1035,0
DA:1039,0
DA:1041,0
DA:1045,0
DA:1047,0
DA:1051,0
DA:1055,0
DA:1059,0
DA:1061,0
DA:1065,0
DA:1067,0
DA:1071,0
DA:1073,0
DA:1077,1
DA:1079,1
DA:1083,1
DA:1085,1
DA:1089,0
DA:1091,0
DA:1095,0
DA:1097,0
DA:1101,0
DA:1103,0
DA:1107,0
DA:1109,0
DA:1113,1
DA:1115,1
DA:1119,1
DA:1121,1
DA:1125,1
DA:1127,1
DA:1131,1
DA:1133,1
DA:1137,0
DA:1139,0
DA:1143,0
DA:1145,0
DA:1149,0
DA:1151,0
DA:1155,0
DA:1157,0
DA:1161,1
DA:1163,1
DA:1167,0
DA:1169,0
DA:1173,0
DA:1175,0
DA:1179,0
DA:1181,0
DA:1185,0
DA:1187,0
DA:1191,0
DA:1193,0
DA:1197,1
DA:1199,1
DA:1203,0
DA:1205,0
DA:1209,0
DA:1211,0
DA:1215,0
DA:1217,0
DA:1221,0
DA:1223,0
DA:1227,1
DA:1229,1
DA:1233,0
DA:1235,0
DA:1239,1
DA:1241,1
DA:1245,0
DA:1247,0
DA:1251,0
DA:1253,0
DA:1257,0
DA:1259,0
DA:1263,0
DA:1265,0
DA:1269,0
DA:1271,0
DA:1275,0
DA:1277,0
DA:1281,0
DA:1283,0
DA:1287,0
DA:1289,0
DA:1293,0
DA:1295,0
DA:1299,0
DA:1301,0
DA:1305,1
DA:1307,1
DA:1311,0
DA:1313,0
DA:1317,1
DA:1319,1
DA:1323,1
DA:1325,1
DA:1329,0
DA:1331,0
DA:1335,1
DA:1337,1
DA:1341,1
DA:1343,1
DA:1347,1
DA:1349,1
DA:1353,1
DA:1355,1
DA:1359,0
DA:1361,0
DA:1365,1
DA:1367,1
DA:1371,0
DA:1373,0
DA:1377,1
DA:1379,1
DA:1383,1
DA:1385,1
DA:1389,1
DA:1391,1
DA:1395,0
DA:1397,0
DA:1401,0
DA:1403,0
DA:1407,0
DA:1409,0
DA:1413,1
DA:1415,1
DA:1419,0
DA:1421,0
DA:1425,0
DA:1427,0
DA:1431,1
DA:1433,1
DA:1437,1
DA:1439,1
DA:1443,1
DA:1445,1
DA:1449,1
DA:1451,1
DA:1455,1
DA:1457,1
DA:1461,1
DA:1463,1
DA:1467,0
DA:1469,0
DA:1473,1
DA:1475,1
DA:1479,0
DA:1481,0
DA:1485,0
DA:1487,0
DA:1491,0
DA:1493,0
DA:1497,1
DA:1499,1
DA:1503,0
DA:1505,0
DA:1509,1
DA:1511,1
DA:1515,0
DA:1517,0
DA:1521,1
DA:1523,1
DA:1527,1
DA:1529,1
DA:1533,0
DA:1535,0
DA:1539,0
DA:1541,0
DA:1545,0
DA:1547,0
DA:1551,0
DA:1553,0
DA:1557,0
DA:1561,0
DA:1565,1
DA:1567,1
DA:1571,1
DA:1573,1
DA:1577,1
DA:1579,1
DA:1583,1
DA:1585,1
DA:1589,0
DA:1591,0
DA:1595,0
DA:1597,0
DA:1601,0
DA:1603,0
DA:1607,0
DA:1609,0
DA:1613,0
DA:1617,0
DA:1621,0
DA:1625,0
DA:1629,1
DA:1633,1
DA:1637,0
DA:1639,0
DA:1643,0
DA:1645,0
DA:1649,0
DA:1651,0
DA:1655,0
DA:1657,0
DA:1661,0
DA:1663,0
DA:1667,0
DA:1669,0
DA:1673,0
DA:1675,0
DA:1679,1
DA:1681,1
DA:1685,0
DA:1687,0
DA:1691,1
DA:1693,1
DA:1697,1
DA:1699,1
DA:1703,1
DA:1705,1
DA:1709,0
DA:1711,0
DA:1715,1
DA:1717,1
DA:1721,1
DA:1723,1
DA:1727,0
DA:1729,0
DA:1733,0
DA:1735,0
DA:1739,0
DA:1741,0
DA:1745,0
DA:1747,0
DA:1751,0
DA:1753,0
DA:1757,0
DA:1759,0
DA:1763,0
DA:1765,0
DA:1769,0
DA:1771,0
DA:1775,0
DA:1777,0
DA:1781,0
DA:1783,0
DA:1787,1
DA:1789,1
DA:1793,1
DA:1795,1
DA:1799,0
DA:1801,0
DA:1805,1
DA:1807,1
DA:1811,0
DA:1813,0
DA:1817,1
DA:1819,1
DA:1823,1
DA:1825,1
DA:1829,1
DA:1831,1
DA:1835,1
DA:1837,1
DA:1841,1
DA:1843,1
DA:1847,0
DA:1849,0
DA:1853,0
DA:1855,0
DA:1859,0
DA:1861,0
DA:1865,0
DA:1867,0
DA:1871,0
DA:1873,0
DA:1886,1
DA:1888,0
DA:1891,0
DA:1894,0
DA:1897,0
DA:1900,0
DA:1903,0
DA:1906,0
DA:1909,0
DA:1912,0
DA:1915,0
DA:1918,0
DA:1921,0
DA:1924,0
DA:1927,0
DA:1930,0
DA:1933,0
DA:1936,0
DA:1939,0
DA:1942,0
DA:1945,0
DA:1948,0
DA:1951,0
DA:1954,0
DA:1957,0
DA:1960,0
DA:1963,0
DA:1966,0
DA:1969,0
DA:1972,0
DA:1975,0
DA:1978,0
DA:1981,0
DA:1984,0
DA:1987,0
DA:1990,0
DA:1993,0
DA:1996,0
DA:1999,0
DA:2002,0
DA:2005,0
DA:2010,0
DA:2013,0
DA:2016,0
DA:2019,0
DA:2022,0
DA:2025,0
DA:2028,0
DA:2031,0
DA:2034,0
DA:2037,0
DA:2040,0
DA:2043,0
DA:2046,0
DA:2049,0
DA:2052,0
DA:2055,0
DA:2058,0
DA:2061,0
DA:2064,0
DA:2067,0
DA:2070,0
DA:2073,0
DA:2076,0
DA:2079,0
DA:2082,0
DA:2085,0
DA:2088,0
DA:2091,0
DA:2094,0
DA:2097,0
DA:2101,0
DA:2104,0
DA:2108,0
DA:2111,0
DA:2114,0
DA:2118,0
DA:2121,0
DA:2124,0
DA:2127,0
DA:2130,0
DA:2133,0
DA:2136,0
DA:2139,0
DA:2142,0
DA:2145,0
DA:2148,0
DA:2151,0
DA:2154,0
DA:2157,0
DA:2160,0
DA:2163,0
DA:2166,0
DA:2169,0
DA:2172,0
DA:2175,0
DA:2178,0
DA:2181,0
DA:2184,0
DA:2187,0
DA:2190,0
DA:2193,0
DA:2196,0
DA:2199,0
DA:2202,0
DA:2205,0
DA:2208,0
DA:2211,0
DA:2214,0
DA:2217,0
DA:2220,0
DA:2223,0
DA:2226,0
DA:2229,0
DA:2232,0
DA:2235,0
DA:2238,0
DA:2241,0
DA:2244,0
DA:2247,0
DA:2250,0
DA:2253,0
DA:2256,0
DA:2259,0
DA:2262,0
DA:2267,0
DA:2270,0
DA:2273,0
DA:2276,0
DA:2279,0
DA:2282,0
DA:2285,0
DA:2288,0
DA:2292,0
DA:2297,0
DA:2302,0
DA:2307,0
DA:2310,0
DA:2314,0
DA:2317,0
DA:2320,0
DA:2323,0
DA:2326,0
DA:2329,0
DA:2332,0
DA:2335,0
DA:2338,0
DA:2341,0
DA:2344,0
DA:2347,0
DA:2350,0
DA:2353,0
DA:2356,0
DA:2359,0
DA:2362,0
DA:2365,0
DA:2368,0
DA:2371,0
DA:2374,0
DA:2377,0
DA:2380,0
DA:2383,0
DA:2386,0
DA:2389,0
DA:2392,0
DA:2395,0
DA:2398,0
DA:2401,0
DA:2404,0
DA:2407,0
DA:2410,0
DA:2414,0
DA:2417,0
DA:2420,0
DA:2423,0
DA:2426,0
DA:2439,1
DA:2441,0
DA:2442,0
DA:2444,0
DA:2445,0
DA:2447,0
DA:2448,0
DA:2450,0
DA:2451,0
DA:2453,0
DA:2454,0
DA:2456,0
DA:2457,0
DA:2459,0
DA:2460,0
DA:2462,0
DA:2463,0
DA:2465,0
DA:2466,0
DA:2468,0
DA:2469,0
DA:2471,0
DA:2472,0
DA:2474,0
DA:2475,0
DA:2477,0
DA:2478,0
DA:2480,0
DA:2481,0
DA:2483,0
DA:2484,0
DA:2486,0
DA:2487,0
DA:2489,0
DA:2490,0
DA:2492,0
DA:2493,0
DA:2495,0
DA:2496,0
DA:2498,0
DA:2499,0
DA:2501,0
DA:2502,0
DA:2504,0
DA:2505,0
DA:2507,0
DA:2508,0
DA:2510,0
DA:2511,0
DA:2513,0
DA:2514,0
DA:2516,0
DA:2517,0
DA:2519,0
DA:2520,0
DA:2522,0
DA:2523,0
DA:2525,0
DA:2526,0
DA:2528,0
DA:2529,0
DA:2531,0
DA:2533,0
DA:2535,0
DA:2536,0
DA:2538,0
DA:2539,0
DA:2541,0
DA:2542,0
DA:2544,0
DA:2545,0
DA:2547,0
DA:2548,0
DA:2550,0
DA:2551,0
DA:2553,0
DA:2554,0
DA:2556,0
DA:2557,0
DA:2559,0
DA:2562,0
DA:2564,0
DA:2565,0
DA:2567,0
DA:2569,0
DA:2571,0
DA:2572,0
DA:2574,0
DA:2575,0
DA:2577,0
DA:2578,0
DA:2580,0
DA:2581,0
DA:2583,0
DA:2584,0
DA:2586,0
DA:2587,0
DA:2589,0
DA:2590,0
DA:2592,0
DA:2593,0
DA:2595,0
DA:2596,0
DA:2598,0
DA:2599,0
DA:2601,0
DA:2602,0
DA:2604,0
DA:2605,0
DA:2607,0
DA:2608,0
DA:2610,0
DA:2611,0
DA:2613,0
DA:2615,0
DA:2617,0
DA:2618,0
DA:2620,0
DA:2621,0
DA:2623,0
DA:2625,0
DA:2627,0
DA:2629,0
DA:2631,0
DA:2632,0
DA:2634,0
DA:2635,0
DA:2637,0
DA:2638,0
DA:2640,0
DA:2642,0
DA:2644,0
DA:2645,0
DA:2647,0
DA:2648,0
DA:2650,0
DA:2651,0
DA:2653,0
DA:2654,0
DA:2656,0
DA:2658,0
DA:2660,0
DA:2661,0
DA:2663,0
DA:2665,0
DA:2667,0
DA:2668,0
DA:2670,0
DA:2671,0
DA:2673,0
DA:2675,0
DA:2677,0
DA:2678,0
DA:2680,0
DA:2681,0
DA:2683,0
DA:2684,0
DA:2686,0
DA:2687,0
DA:2689,0
DA:2690,0
DA:2692,0
DA:2693,0
DA:2695,0
DA:2696,0
DA:2698,0
DA:2699,0
DA:2701,0
DA:2702,0
DA:2704,0
DA:2705,0
DA:2707,0
DA:2708,0
DA:2710,0
DA:2712,0
DA:2714,0
DA:2715,0
DA:2717,0
DA:2718,0
DA:2720,0
DA:2721,0
DA:2723,0
DA:2724,0
DA:2726,0
DA:2727,0
DA:2729,0
DA:2730,0
DA:2732,0
DA:2733,0
DA:2735,0
DA:2736,0
DA:2738,0
DA:2739,0
DA:2741,0
DA:2742,0
DA:2744,0
DA:2745,0
DA:2747,0
DA:2748,0
DA:2750,0
DA:2751,0
DA:2753,0
DA:2754,0
DA:2756,0
DA:2757,0
DA:2759,0
DA:2760,0
DA:2762,0
DA:2763,0
DA:2765,0
DA:2766,0
DA:2768,0
DA:2769,0
DA:2771,0
DA:2772,0
DA:2774,0
DA:2775,0
DA:2777,0
DA:2778,0
DA:2780,0
DA:2781,0
DA:2783,0
DA:2784,0
DA:2786,0
DA:2787,0
DA:2789,0
DA:2790,0
DA:2792,0
DA:2793,0
DA:2795,0
DA:2796,0
DA:2798,0
DA:2799,0
DA:2801,0
DA:2802,0
DA:2804,0
DA:2805,0
DA:2807,0
DA:2808,0
DA:2810,0
DA:2811,0
DA:2813,0
DA:2814,0
DA:2816,0
DA:2817,0
DA:2819,0
DA:2821,0
DA:2823,0
DA:2826,0
DA:2828,0
DA:2829,0
DA:2831,0
DA:2832,0
DA:2834,0
DA:2835,0
DA:2837,0
DA:2838,0
DA:2840,0
DA:2841,0
DA:2843,0
DA:2844,0
DA:2846,0
DA:2847,0
DA:2849,0
DA:2851,0
DA:2853,0
DA:2856,0
DA:2858,0
DA:2861,0
DA:2863,0
DA:2866,0
DA:2868,0
DA:2869,0
DA:2871,0
DA:2873,0
DA:2875,0
DA:2877,0
DA:2879,0
DA:2880,0
DA:2882,0
DA:2883,0
DA:2885,0
DA:2886,0
DA:2888,0
DA:2889,0
DA:2891,0
DA:2892,0
DA:2894,0
DA:2895,0
DA:2897,0
DA:2898,0
DA:2900,0
DA:2901,0
DA:2903,0
DA:2904,0
DA:2906,0
DA:2907,0
DA:2909,0
DA:2910,0
DA:2912,0
DA:2914,0
DA:2916,0
DA:2917,0
DA:2919,0
DA:2920,0
DA:2922,0
DA:2923,0
DA:2925,0
DA:2926,0
DA:2928,0
DA:2929,0
DA:2931,0
DA:2932,0
DA:2934,0
DA:2935,0
DA:2937,0
DA:2938,0
DA:2940,0
DA:2941,0
DA:2943,0
DA:2944,0
DA:2946,0
DA:2947,0
DA:2949,0
DA:2951,0
DA:2953,0
DA:2954,0
DA:2956,0
DA:2957,0
DA:2959,0
DA:2960,0
DA:2962,0
DA:2963,0
DA:2965,0
DA:2966,0
DA:2968,0
DA:2969,0
DA:2971,0
DA:2972,0
DA:2974,0
DA:2976,0
DA:2978,0
DA:2979,0
DA:2981,0
DA:2982,0
DA:2984,0
DA:2985,0
DA:2987,0
DA:2988,0
DA:2990,0
DA:2991,0
DA:2993,0
DA:2994,0
DA:2995,0
DA:2996,0
DA:2998,0
DA:3014,0
DA:3015,0
DA:3017,0
DA:3019,0
DA:3020,0
DA:3021,0
DA:3025,0
DA:3027,0
DA:3028,0
DA:3029,0
DA:3033,0
DA:3035,0
DA:3036,0
DA:3037,0
DA:3041,0
DA:3043,0
DA:3044,0
DA:3045,0
DA:3049,0
DA:3051,0
DA:3052,0
DA:3053,0
DA:3057,0
DA:3059,0
DA:3060,0
DA:3061,0
DA:3065,0
DA:3067,0
DA:3068,0
DA:3069,0
DA:3073,0
DA:3075,0
DA:3076,0
DA:3077,0
DA:3081,0
DA:3083,0
DA:3084,0
DA:3085,0
DA:3089,0
DA:3091,0
DA:3092,0
DA:3093,0
DA:3097,0
DA:3099,0
DA:3100,0
DA:3101,0
DA:3105,0
DA:3107,0
DA:3108,0
DA:3109,0
DA:3113,0
DA:3115,0
DA:3116,0
DA:3117,0
DA:3121,0
DA:3123,0
DA:3124,0
DA:3125,0
DA:3129,0
DA:3131,0
DA:3132,0
DA:3133,0
DA:3137,0
DA:3139,0
DA:3140,0
DA:3141,0
DA:3145,0
DA:3147,0
DA:3148,0
DA:3149,0
DA:3153,0
DA:3155,0
DA:3156,0
DA:3157,0
DA:3161,0
DA:3163,0
DA:3164,0
DA:3165,0
DA:3169,0
DA:3171,0
DA:3172,0
DA:3173,0
DA:3177,0
DA:3179,0
DA:3180,0
DA:3181,0
DA:3185,0
DA:3187,0
DA:3188,0
DA:3189,0
DA:3193,0
DA:3195,0
DA:3196,0
DA:3197,0
DA:3201,0
DA:3203,0
DA:3204,0
DA:3205,0
DA:3209,0
DA:3211,0
DA:3212,0
DA:3213,0
DA:3217,0
DA:3219,0
DA:3220,0
DA:3221,0
DA:3225,0
DA:3227,0
DA:3228,0
DA:3229,0
DA:3233,0
DA:3235,0
DA:3236,0
DA:3237,0
DA:3241,0
DA:3243,0
DA:3244,0
DA:3245,0
DA:3249,0
DA:3251,0
DA:3252,0
DA:3253,0
DA:3257,0
DA:3259,0
DA:3260,0
DA:3261,0
DA:3265,0
DA:3267,0
DA:3268,0
DA:3269,0
DA:3273,0
DA:3275,0
DA:3276,0
DA:3277,0
DA:3281,0
DA:3283,0
DA:3284,0
DA:3285,0
DA:3289,0
DA:3291,0
DA:3292,0
DA:3293,0
DA:3297,0
DA:3299,0
DA:3300,0
DA:3301,0
DA:3305,0
DA:3307,0
DA:3308,0
DA:3309,0
DA:3313,0
DA:3315,0
DA:3316,0
DA:3317,0
DA:3321,0
DA:3323,0
DA:3324,0
DA:3325,0
DA:3329,0
DA:3333,0
DA:3334,0
DA:3335,0
DA:3339,0
DA:3341,0
DA:3342,0
DA:3343,0
DA:3347,0
DA:3349,0
DA:3350,0
DA:3351,0
DA:3355,0
DA:3357,0
DA:3358,0
DA:3359,0
DA:3363,0
DA:3365,0
DA:3366,0
DA:3367,0
DA:3371,0
DA:3373,0
DA:3374,0
DA:3375,0
DA:3379,0
DA:3381,0
DA:3382,0
DA:3383,0
DA:3387,0
DA:3389,0
DA:3390,0
DA:3391,0
DA:3395,0
DA:3397,0
DA:3398,0
DA:3399,0
DA:3403,0
DA:3405,0
DA:3406,0
DA:3407,0
DA:3411,0
DA:3413,0
DA:3414,0
DA:3415,0
DA:3419,0
DA:3421,0
DA:3422,0
DA:3423,0
DA:3427,0
DA:3429,0
DA:3430,0
DA:3431,0
DA:3435,0
DA:3437,0
DA:3438,0
DA:3439,0
DA:3443,0
DA:3445,0
DA:3446,0
DA:3447,0
DA:3451,0
DA:3453,0
DA:3454,0
DA:3455,0
DA:3459,0
DA:3461,0
DA:3462,0
DA:3463,0
DA:3467,0
DA:3469,0
DA:3470,0
DA:3471,0
DA:3475,0
DA:3477,0
DA:3478,0
DA:3479,0
DA:3483,0
DA:3485,0
DA:3486,0
DA:3487,0
DA:3491,0
DA:3493,0
DA:3494,0
DA:3495,0
DA:3499,0
DA:3501,0
DA:3502,0
DA:3503,0
DA:3507,0
DA:3509,0
DA:3510,0
DA:3511,0
DA:3515,0
DA:3517,0
DA:3518,0
DA:3519,0
DA:3523,0
DA:3525,0
DA:3526,0
DA:3527,0
DA:3531,0
DA:3533,0
DA:3534,0
DA:3535,0
DA:3539,0
DA:3541,0
DA:3542,0
DA:3543,0
DA:3547,0
DA:3549,0
DA:3550,0
DA:3551,0
DA:3555,0
DA:3557,0
DA:3558,0
DA:3559,0
DA:3563,0
DA:3565,0
DA:3566,0
DA:3567,0
DA:3571,0
DA:3573,0
DA:3574,0
DA:3575,0
DA:3579,0
DA:3581,0
DA:3582,0
DA:3583,0
DA:3587,0
DA:3589,0
DA:3590,0
DA:3591,0
DA:3595,0
DA:3597,0
DA:3598,0
DA:3599,0
DA:3603,0
DA:3605,0
DA:3606,0
DA:3607,0
DA:3611,0
DA:3613,0
DA:3614,0
DA:3615,0
DA:3619,0
DA:3621,0
DA:3622,0
DA:3623,0
DA:3627,0
DA:3629,0
DA:3630,0
DA:3631,0
DA:3635,0
DA:3637,0
DA:3638,0
DA:3639,0
DA:3643,0
DA:3645,0
DA:3646,0
DA:3647,0
DA:3651,0
DA:3653,0
DA:3654,0
DA:3655,0
DA:3659,0
DA:3661,0
DA:3662,0
DA:3663,0
DA:3667,0
DA:3669,0
DA:3670,0
DA:3671,0
DA:3675,0
DA:3677,0
DA:3678,0
DA:3679,0
DA:3683,0
DA:3685,0
DA:3686,0
DA:3687,0
DA:3691,0
DA:3693,0
DA:3694,0
DA:3695,0
DA:3699,0
DA:3701,0
DA:3702,0
DA:3703,0
DA:3707,0
DA:3709,0
DA:3710,0
DA:3711,0
DA:3715,0
DA:3717,0
DA:3718,0
DA:3719,0
DA:3723,0
DA:3725,0
DA:3726,0
DA:3727,0
DA:3731,0
DA:3733,0
DA:3734,0
DA:3735,0
DA:3739,0
DA:3741,0
DA:3742,0
DA:3743,0
DA:3747,0
DA:3749,0
DA:3750,0
DA:3751,0
DA:3755,0
DA:3757,0
DA:3758,0
DA:3759,0
DA:3763,0
DA:3765,0
DA:3766,0
DA:3767,0
DA:3771,0
DA:3773,0
DA:3774,0
DA:3775,0
DA:3779,0
DA:3781,0
DA:3782,0
DA:3783,0
DA:3787,0
DA:3789,0
DA:3790,0
DA:3791,0
DA:3795,0
DA:3797,0
DA:3798,0
DA:3799,0
DA:3803,0
DA:3805,0
DA:3806,0
DA:3807,0
DA:3811,0
DA:3813,0
DA:3814,0
DA:3815,0
DA:3819,0
DA:3821,0
DA:3822,0
DA:3823,0
DA:3827,0
DA:3829,0
DA:3830,0
DA:3831,0
DA:3835,0
DA:3837,0
DA:3838,0
DA:3839,0
DA:3843,0
DA:3845,0
DA:3846,0
DA:3847,0
DA:3851,0
DA:3853,0
DA:3854,0
DA:3855,0
DA:3859,0
DA:3861,0
DA:3862,0
DA:3863,0
DA:3867,0
DA:3869,0
DA:3870,0
DA:3871,0
DA:3875,0
DA:3877,0
DA:3878,0
DA:3879,0
DA:3883,0
DA:3885,0
DA:3886,0
DA:3887,0
DA:3891,0
DA:3893,0
DA:3894,0
DA:3895,0
DA:3899,0
DA:3901,0
DA:3902,0
DA:3903,0
DA:3907,0
DA:3909,0
DA:3910,0
DA:3911,0
DA:3915,0
DA:3917,0
DA:3918,0
DA:3919,0
DA:3923,0
DA:3925,0
DA:3926,0
DA:3927,0
DA:3931,0
DA:3933,0
DA:3934,0
DA:3935,0
DA:3939,0
DA:3941,0
DA:3942,0
DA:3943,0
DA:3947,0
DA:3949,0
DA:3950,0
DA:3951,0
DA:3955,0
DA:3957,0
DA:3958,0
DA:3959,0
DA:3963,0
DA:3965,0
DA:3966,0
DA:3967,0
DA:3971,0
DA:3973,0
DA:3974,0
DA:3975,0
DA:3979,0
DA:3981,0
DA:3982,0
DA:3983,0
DA:3987,0
DA:3989,0
DA:3990,0
DA:3991,0
DA:3995,0
DA:3997,0
DA:3998,0
DA:3999,0
DA:4003,0
DA:4007,0
DA:4008,0
DA:4009,0
DA:4013,0
DA:4015,0
DA:4016,0
DA:4017,0
DA:4021,0
DA:4023,0
DA:4024,0
DA:4025,0
DA:4029,0
DA:4031,0
DA:4032,0
DA:4033,0
DA:4037,0
DA:4039,0
DA:4040,0
DA:4041,0
DA:4045,0
DA:4047,0
DA:4048,0
DA:4049,0
DA:4053,0
DA:4055,0
DA:4056,0
DA:4057,0
DA:4061,0
DA:4063,0
DA:4064,0
DA:4065,0
DA:4069,0
DA:4071,0
DA:4072,0
DA:4073,0
DA:4077,0
DA:4081,0
DA:4082,0
DA:4083,0
DA:4087,0
DA:4091,0
DA:4092,0
DA:4093,0
DA:4097,0
DA:4101,0
DA:4102,0
DA:4103,0
DA:4107,0
DA:4109,0
DA:4110,0
DA:4111,0
DA:4115,0
DA:4117,0
DA:4118,0
DA:4119,0
DA:4123,0
DA:4125,0
DA:4126,0
DA:4127,0
DA:4131,0
DA:4133,0
DA:4134,0
DA:4135,0
DA:4139,0
DA:4141,0
DA:4142,0
DA:4143,0
DA:4147,0
DA:4149,0
DA:4150,0
DA:4151,0
DA:4155,0
DA:4157,0
DA:4158,0
DA:4159,0
DA:4163,0
DA:4165,0
DA:4166,0
DA:4167,0
DA:4171,0
DA:4173,0
DA:4174,0
DA:4175,0
DA:4179,0
DA:4181,0
DA:4182,0
DA:4183,0
DA:4187,0
DA:4189,0
DA:4190,0
DA:4191,0
DA:4195,0
DA:4197,0
DA:4198,0
DA:4199,0
DA:4203,0
DA:4205,0
DA:4206,0
DA:4207,0
DA:4211,0
DA:4213,0
DA:4214,0
DA:4215,0
DA:4219,0
DA:4221,0
DA:4222,0
DA:4223,0
DA:4227,0
DA:4229,0
DA:4230,0
DA:4231,0
DA:4235,0
DA:4237,0
DA:4238,0
DA:4239,0
DA:4243,0
DA:4245,0
DA:4246,0
DA:4247,0
DA:4251,0
DA:4253,0
DA:4254,0
DA:4255,0
DA:4259,0
DA:4261,0
DA:4262,0
DA:4263,0
DA:4267,0
DA:4269,0
DA:4270,0
DA:4271,0
DA:4275,0
DA:4277,0
DA:4278,0
DA:4279,0
DA:4283,0
DA:4285,0
DA:4286,0
DA:4287,0
DA:4291,0
DA:4293,0
DA:4294,0
DA:4295,0
DA:4299,0
DA:4301,0
DA:4302,0
DA:4303,0
DA:4307,0
DA:4309,0
DA:4310,0
DA:4311,0
DA:4315,0
DA:4317,0
DA:4318,0
DA:4319,0
DA:4323,0
DA:4325,0
DA:4326,0
DA:4327,0
DA:4331,0
DA:4333,0
DA:4334,0
DA:4335,0
DA:4339,0
DA:4341,0
DA:4342,0
DA:4343,0
DA:4347,0
DA:4349,0
DA:4350,0
DA:4351,0
DA:4355,0
DA:4357,0
DA:4358,0
DA:4359,0
DA:4363,0
DA:4365,0
DA:4366,0
DA:4367,0
DA:4371,0
DA:4373,0
DA:4374,0
DA:4375,0
DA:4379,0
DA:4381,0
DA:4382,0
DA:4383,0
DA:4387,0
DA:4389,0
DA:4390,0
DA:4391,0
DA:4395,0
DA:4397,0
DA:4398,0
DA:4399,0
DA:4403,0
DA:4405,0
DA:4406,0
DA:4407,0
DA:4411,0
DA:4413,0
DA:4414,0
DA:4415,0
DA:4419,0
DA:4421,0
DA:4422,0
DA:4423,0
DA:4441,1
DA:4443,1
DA:4444,1
DA:4446,1
DA:4447,1
DA:4449,1
DA:4450,1
DA:4452,1
DA:4453,1
DA:4455,1
DA:4456,1
DA:4458,0
DA:4459,0
DA:4461,0
DA:4463,0
DA:4465,1
DA:4466,1
DA:4468,0
DA:4469,0
DA:4471,0
DA:4472,0
DA:4474,0
DA:4475,0
DA:4477,1
DA:4478,1
DA:4480,1
DA:4481,1
DA:4483,1
DA:4484,1
DA:4486,1
DA:4487,1
DA:4489,0
DA:4490,0
DA:4492,0
DA:4493,0
DA:4495,0
DA:4496,0
DA:4498,0
DA:4499,0
DA:4501,0
DA:4502,0
DA:4504,0
DA:4505,0
DA:4507,0
DA:4508,0
DA:4510,0
DA:4511,0
DA:4513,0
DA:4514,0
DA:4516,0
DA:4517,0
DA:4519,1
DA:4520,1
DA:4522,1
DA:4523,1
DA:4525,0
DA:4526,0
DA:4528,0
DA:4529,0
DA:4531,0
DA:4533,0
DA:4535,1
DA:4537,1
DA:4539,1
DA:4540,1
DA:4542,0
DA:4543,0
DA:4545,0
DA:4546,0
DA:4548,0
DA:4549,0
DA:4551,0
DA:4552,0
DA:4554,0
DA:4556,0
DA:4558,0
DA:4560,0
DA:4562,0
DA:4563,0
DA:4565,0
DA:4568,0
DA:4570,0
DA:4572,0
DA:4574,0
DA:4576,0
DA:4578,0
DA:4579,0
DA:4581,1
DA:4582,1
DA:4584,1
DA:4585,1
DA:4587,0
DA:4588,0
DA:4590,0
DA:4591,0
DA:4593,0
DA:4595,0
DA:4597,0
DA:4598,0
DA:4600,1
DA:4601,1
DA:4603,1
DA:4605,1
DA:4607,1
DA:4608,1
DA:4610,1
DA:4611,1
DA:4613,0
DA:4614,0
DA:4616,0
DA:4617,0
DA:4619,0
DA:4620,0
DA:4622,0
DA:4624,0
DA:4626,0
DA:4627,0
DA:4629,0
DA:4630,0
DA:4632,0
DA:4634,0
DA:4636,0
DA:4638,0
DA:4640,0
DA:4642,0
DA:4644,0
DA:4645,0
DA:4647,1
DA:4648,1
DA:4650,0
DA:4652,0
DA:4654,0
DA:4656,0
DA:4658,0
DA:4659,0
DA:4661,0
DA:4662,0
DA:4664,0
DA:4665,0
DA:4667,0
DA:4669,0
DA:4671,1
DA:4672,1
DA:4674,0
DA:4676,0
DA:4678,0
DA:4679,0
DA:4681,0
DA:4682,0
DA:4684,0
DA:4686,0
DA:4688,0
DA:4689,0
DA:4691,0
DA:4692,0
DA:4694,0
DA:4695,0
DA:4697,0
DA:4698,0
DA:4700,0
DA:4701,0
DA:4703,0
DA:4704,0
DA:4706,0
DA:4707,0
DA:4709,0
DA:4710,0
DA:4712,1
DA:4713,1
DA:4715,0
DA:4716,0
DA:4718,0
DA:4719,0
DA:4721,1
DA:4723,1
DA:4725,1
DA:4726,1
DA:4728,1
DA:4730,1
DA:4732,1
DA:4733,1
DA:4735,0
DA:4736,0
DA:4738,1
DA:4739,1
DA:4741,0
DA:4742,0
DA:4744,0
DA:4745,0
DA:4747,0
DA:4748,0
DA:4750,1
DA:4751,1
DA:4753,0
DA:4754,0
DA:4756,0
DA:4757,0
DA:4759,0
DA:4760,0
DA:4762,1
DA:4763,1
DA:4765,0
DA:4766,0
DA:4768,0
DA:4769,0
DA:4771,0
DA:4772,0
DA:4774,0
DA:4775,0
DA:4777,0
DA:4778,0
DA:4780,0
DA:4781,0
DA:4783,1
DA:4784,1
DA:4786,0
DA:4787,0
DA:4789,0
DA:4790,0
DA:4792,0
DA:4793,0
DA:4795,1
DA:4796,1
DA:4800,0
DA:4801,0
DA:4803,0
DA:4804,0
DA:4806,0
DA:4807,0
DA:4809,0
DA:4810,0
DA:4812,0
DA:4813,0
DA:4815,0
DA:4817,0
DA:4819,0
DA:4820,0
DA:4822,1
DA:4823,1
DA:4825,1
DA:4826,1
DA:4828,0
DA:4829,0
DA:4831,0
DA:4832,0
DA:4834,0
DA:4835,0
DA:4837,0
DA:4839,0
DA:4841,0
DA:4844,0
DA:4846,0
DA:4847,0
DA:4849,0
DA:4850,0
DA:4852,1
DA:4853,1
DA:4855,0
DA:4856,0
DA:4858,0
DA:4859,0
DA:4861,0
DA:4862,0
DA:4864,0
DA:4865,0
DA:4867,0
DA:4869,0
DA:4871,0
DA:4874,0
DA:4876,0
DA:4879,0
DA:4881,1
DA:4884,1
DA:4886,0
DA:4887,0
DA:4889,0
DA:4891,0
DA:4893,0
DA:4895,0
DA:4897,0
DA:4898,0
DA:4900,0
DA:4901,0
DA:4903,0
DA:4904,0
DA:4906,0
DA:4907,0
DA:4909,1
DA:4910,1
DA:4912,0
DA:4913,0
DA:4915,1
DA:4916,1
DA:4918,1
DA:4919,1
DA:4921,1
DA:4922,1
DA:4924,0
DA:4925,0
DA:4927,1
DA:4928,1
DA:4930,1
DA:4932,1
DA:4934,0
DA:4935,0
DA:4937,0
DA:4938,0
DA:4940,0
DA:4941,0
DA:4943,0
DA:4944,0
DA:4946,0
DA:4947,0
DA:4949,0
DA:4950,0
DA:4952,0
DA:4953,0
DA:4955,0
DA:4956,0
DA:4958,0
DA:4959,0
DA:4961,0
DA:4962,0
DA:4964,1
DA:4965,1
DA:4967,1
DA:4969,1
DA:4971,0
DA:4972,0
DA:4974,1
DA:4975,1
DA:4977,0
DA:4978,0
DA:4980,0
DA:4981,0
DA:4983,0
DA:4984,0
DA:4986,1
DA:4987,1
DA:4989,1
DA:4991,1
DA:4993,1
DA:4995,1
DA:4997,0
DA:4998,0
DA:5000,0
DA:5001,0
DA:5003,0
DA:5004,0
DA:5006,0
DA:5007,0
DA:5009,0
DA:5010,0
DA:5020,0
DA:5022,0
DA:5024,0
LF:2347
LH:456
end_of_record
SF:/Users/scheglov/Source/Dart/sdk.git/sdk/pkg/analyzer/lib/dart/element/element.dart
DA:1032,1
DA:1034,0
DA:1035,0
DA:1037,0
DA:1038,0
DA:2516,1
DA:2519,1
DA:2520,2
LF:8
LH:4
end_of_record
SF:/Users/scheglov/Source/Dart/sdk.git/sdk/pkg/analyzer/lib/error/error.dart
DA:27,2
DA:28,1
DA:32,1
DA:33,2
DA:38,1
DA:39,1
DA:40,2
DA:41,1
DA:42,2
DA:43,1
DA:44,0
DA:47,1
DA:48,1
DA:78,1
DA:89,2
DA:90,2
DA:103,1
DA:113,5
DA:114,0
DA:115,0
DA:116,0
DA:117,0
DA:120,3
DA:121,2
DA:123,2
DA:125,2
DA:126,2
DA:134,1
DA:135,1
DA:140,2
DA:142,0
DA:143,0
DA:145,1
DA:147,1
DA:148,3
DA:149,3
DA:155,3
DA:159,3
DA:163,3
DA:165,0
DA:166,0
DA:168,0
DA:170,0
DA:171,0
DA:173,0
DA:175,0
DA:178,0
DA:182,0
DA:188,0
DA:190,0
DA:193,0
DA:197,0
DA:200,0
DA:209,0
DA:211,0
DA:212,0
DA:213,0
DA:214,0
DA:215,0
DA:216,0
DA:217,0
DA:219,0
DA:220,0
LF:63
LH:32
end_of_record
SF:/Users/scheglov/Source/Dart/sdk.git/sdk/pkg/analyzer/lib/file_system/file_system.dart
DA:66,1
DA:68,0
DA:69,0
DA:139,0
DA:141,0
DA:142,0
DA:256,0
DA:267,0
DA:272,1
DA:276,1
DA:279,1
LF:11
LH:4
end_of_record
SF:/Users/scheglov/Source/Dart/sdk.git/sdk/pkg/analyzer/lib/src/dart/analysis/analysis_context_collection.dart
DA:40,1
DA:73,0
DA:74,0
DA:76,1
DA:79,0
DA:86,1
DA:88,0
DA:90,1
DA:94,1
DA:96,1
DA:97,1
DA:99,1
DA:100,1
DA:102,1
DA:109,0
DA:110,1
DA:112,1
DA:113,1
DA:120,1
DA:124,1
DA:129,2
DA:130,1
DA:135,1
DA:146,1
DA:148,1
DA:151,2
DA:158,0
DA:159,0
DA:160,0
DA:161,0
DA:162,0
DA:169,1
DA:171,1
DA:173,2
DA:174,2
DA:179,0
DA:182,1
DA:184,2
DA:185,2
DA:190,1
DA:191,2
DA:192,1
DA:198,1
DA:199,2
DA:200,3
DA:201,0
DA:202,0
LF:47
LH:34
end_of_record
SF:/Users/scheglov/Source/Dart/sdk.git/sdk/pkg/analyzer/lib/src/dart/analysis/driver.dart
DA:283,1
DA:310,1
DA:311,0
DA:313,1
DA:317,0
DA:320,0
DA:321,1
DA:328,0
DA:329,1
DA:330,1
DA:331,0
DA:333,1
DA:336,0
DA:338,2
DA:339,2
DA:341,3
DA:343,1
DA:344,2
DA:345,2
DA:349,3
DA:352,1
DA:353,5
DA:357,0
DA:358,0
DA:361,1
DA:362,3
DA:366,0
DA:367,0
DA:371,0
DA:375,0
DA:377,0
DA:379,0
DA:384,0
DA:387,2
DA:389,3
DA:394,3
DA:397,1
DA:398,2
DA:399,2
DA:400,1
DA:401,1
DA:402,1
DA:403,2
DA:404,1
DA:405,1
DA:406,1
DA:407,1
DA:408,3
DA:409,1
DA:410,1
DA:411,1
DA:416,5
DA:419,0
DA:421,0
DA:424,0
DA:426,0
DA:431,3
DA:440,1
DA:441,2
DA:442,1
DA:443,2
DA:444,3
DA:445,2
DA:446,2
DA:447,2
DA:451,1
DA:452,5
DA:456,2
DA:458,2
DA:461,0
DA:465,2
DA:468,1
DA:469,2
DA:472,2
DA:475,2
DA:478,2
DA:481,2
DA:484,2
DA:487,2
DA:490,2
DA:493,2
DA:496,2
DA:497,2
DA:498,2
DA:504,2
DA:507,2
DA:510,2
DA:513,2
DA:516,2
DA:519,2
DA:522,2
DA:525,2
DA:532,1
DA:533,1
DA:534,2
DA:535,2
DA:536,2
DA:537,2
DA:538,2
DA:539,2
DA:540,2
DA:541,2
DA:542,2
DA:543,2
DA:544,2
DA:553,1
DA:554,1
DA:555,2
DA:558,3
DA:559,2
DA:560,2
DA:561,3
DA:562,2
DA:567,1
DA:568,2
DA:571,1
DA:572,3
DA:584,1
DA:585,2
DA:586,1
DA:587,1
DA:588,2
DA:589,1
DA:591,0
DA:599,0
DA:603,0
DA:605,0
DA:606,0
DA:608,0
DA:609,0
DA:610,0
DA:611,0
DA:612,0
DA:613,0
DA:615,0
DA:617,0
DA:618,0
DA:619,0
DA:624,0
DA:626,0
DA:627,0
DA:648,1
DA:649,1
DA:650,2
DA:653,3
DA:654,2
DA:655,2
DA:656,3
DA:657,2
DA:662,1
DA:663,2
DA:671,1
DA:672,2
DA:673,1
DA:678,1
DA:679,1
DA:682,1
DA:685,2
DA:686,2
DA:690,2
DA:691,2
DA:692,2
DA:693,1
DA:694,2
DA:698,1
DA:700,2
DA:701,2
DA:702,1
DA:703,1
DA:704,1
DA:705,2
DA:707,1
DA:708,1
DA:715,2
DA:716,2
DA:717,2
DA:718,1
DA:724,1
DA:725,1
DA:726,1
DA:727,2
DA:730,2
DA:731,0
DA:732,0
DA:735,2
DA:737,2
DA:738,0
DA:739,0
DA:742,2
DA:744,2
DA:745,0
DA:746,0
DA:749,2
DA:751,2
DA:752,0
DA:753,0
DA:756,2
DA:758,2
DA:759,0
DA:760,0
DA:763,2
DA:765,1
DA:766,0
DA:768,2
DA:770,2
DA:771,1
DA:776,0
DA:778,0
DA:787,1
DA:788,1
DA:789,2
DA:793,1
DA:794,3
DA:804,1
DA:805,1
DA:806,2
DA:809,2
DA:810,0
DA:813,1
DA:814,0
DA:818,1
DA:819,2
DA:820,2
DA:821,1
DA:825,1
DA:826,1
DA:827,1
DA:828,2
DA:829,2
DA:830,2
DA:834,1
DA:835,1
DA:836,1
DA:837,2
DA:838,2
DA:839,2
DA:845,1
DA:846,1
DA:847,1
DA:850,2
DA:851,2
DA:855,1
DA:856,2
DA:862,1
DA:863,1
DA:864,1
DA:865,0
DA:867,2
DA:868,0
DA:872,1
DA:873,2
DA:874,2
DA:875,1
DA:879,0
DA:880,0
DA:886,1
DA:887,2
DA:890,2
DA:891,3
DA:892,2
DA:893,1
DA:894,1
DA:895,1
DA:899,2
DA:902,1
DA:903,2
DA:904,1
DA:905,1
DA:906,1
DA:907,1
DA:909,0
DA:912,2
DA:913,1
DA:914,3
DA:919,0
DA:920,0
DA:925,0
DA:926,0
DA:927,0
DA:929,0
DA:930,0
DA:937,1
DA:938,1
DA:939,1
DA:942,2
DA:943,0
DA:946,2
DA:947,1
DA:948,1
DA:949,1
DA:950,1
DA:952,0
DA:955,1
DA:956,2
DA:957,1
DA:958,1
DA:959,1
DA:960,0
DA:962,1
DA:965,2
DA:969,1
DA:970,2
DA:974,1
DA:975,2
DA:977,1
DA:978,4
DA:979,0
DA:997,1
DA:998,1
DA:999,1
DA:1002,2
DA:1003,0
DA:1006,1
DA:1007,0
DA:1010,2
DA:1014,1
DA:1015,2
DA:1016,2
DA:1017,1
DA:1030,1
DA:1031,2
DA:1034,1
DA:1035,2
DA:1036,2
DA:1037,0
DA:1038,0
DA:1059,1
DA:1064,1
DA:1065,0
DA:1068,2
DA:1069,0
DA:1074,1
DA:1077,3
DA:1079,1
DA:1083,1
DA:1084,0
DA:1088,1
DA:1090,2
DA:1092,0
DA:1094,2
DA:1095,1
DA:1099,1
DA:1103,2
DA:1108,1
DA:1109,1
DA:1110,2
DA:1113,2
DA:1114,0
DA:1117,1
DA:1118,0
DA:1122,1
DA:1123,2
DA:1124,2
DA:1125,1
DA:1129,1
DA:1130,2
DA:1142,1
DA:1143,1
DA:1144,1
DA:1147,1
DA:1149,2
DA:1150,1
DA:1151,1
DA:1153,1
DA:1155,1
DA:1156,1
DA:1159,1
DA:1164,1
DA:1165,2
DA:1169,1
DA:1170,1
DA:1171,1
DA:1173,2
DA:1175,0
DA:1176,0
DA:1178,0
DA:1179,0
DA:1180,0
DA:1186,2
DA:1187,1
DA:1192,2
DA:1193,1
DA:1198,2
DA:1199,1
DA:1204,2
DA:1205,1
DA:1210,2
DA:1211,1
DA:1216,2
DA:1217,1
DA:1222,2
DA:1223,1
DA:1228,2
DA:1229,2
DA:1230,1
DA:1236,2
DA:1237,1
DA:1242,2
DA:1243,0
DA:1255,1
DA:1256,1
DA:1257,2
DA:1260,3
DA:1261,2
DA:1262,2
DA:1263,2
DA:1264,3
DA:1265,2
DA:1270,1
DA:1271,2
DA:1274,0
DA:1279,0
DA:1284,0
DA:1285,0
DA:1286,0
DA:1289,1
DA:1290,4
DA:1291,1
DA:1295,1
DA:1301,2
DA:1303,2
DA:1306,1
DA:1307,2
DA:1310,4
DA:1311,4
DA:1313,3
DA:1314,3
DA:1315,1
DA:1318,1
DA:1319,0
DA:1321,0
DA:1326,1
DA:1327,0
DA:1329,0
DA:1334,2
DA:1335,2
DA:1338,1
DA:1339,0
DA:1340,0
DA:1341,0
DA:1343,0
DA:1349,1
DA:1350,3
DA:1351,2
DA:1353,1
DA:1354,1
DA:1355,1
DA:1360,1
DA:1364,2
DA:1365,1
DA:1367,1
DA:1369,4
DA:1372,1
DA:1374,1
DA:1375,1
DA:1382,1
DA:1383,1
DA:1385,1
DA:1386,2
DA:1387,1
DA:1390,1
DA:1391,2
DA:1392,0
DA:1394,1
DA:1398,1
DA:1401,3
DA:1402,2
DA:1403,1
DA:1408,2
DA:1409,1
DA:1410,2
DA:1414,3
DA:1416,1
DA:1418,1
DA:1420,1
DA:1422,3
DA:1423,1
DA:1424,1
DA:1426,1
DA:1427,2
DA:1428,2
DA:1431,3
DA:1432,2
DA:1433,3
DA:1436,3
DA:1439,2
DA:1443,2
DA:1444,1
DA:1445,1
DA:1447,2
DA:1448,2
DA:1450,1
DA:1452,2
DA:1457,1
DA:1458,1
DA:1459,1
DA:1460,1
DA:1462,1
DA:1463,2
DA:1466,3
DA:1467,1
DA:1474,1
DA:1475,1
DA:1476,2
DA:1481,4
DA:1485,4
DA:1488,2
DA:1491,0
DA:1497,0
DA:1500,0
DA:1502,0
DA:1503,0
DA:1509,0
DA:1511,0
DA:1512,0
DA:1514,0
DA:1517,0
DA:1518,0
DA:1523,1
DA:1525,2
DA:1526,1
DA:1527,1
DA:1528,1
DA:1529,1
DA:1530,2
DA:1531,1
DA:1532,2
DA:1533,1
DA:1534,2
DA:1537,1
DA:1540,2
DA:1543,2
DA:1545,2
DA:1546,2
DA:1547,2
DA:1548,2
DA:1549,2
DA:1558,0
DA:1559,0
DA:1560,0
DA:1561,0
DA:1564,1
DA:1569,3
DA:1570,1
DA:1572,1
DA:1573,2
DA:1574,1
DA:1575,1
DA:1579,1
DA:1583,1
DA:1584,1
DA:1585,1
DA:1586,1
DA:1587,1
DA:1588,1
DA:1589,2
DA:1590,2
DA:1592,1
DA:1599,1
DA:1600,1
DA:1601,1
DA:1602,1
DA:1603,1
DA:1606,2
DA:1607,1
DA:1608,1
DA:1609,1
DA:1610,1
DA:1611,3
DA:1612,1
DA:1613,1
DA:1614,1
DA:1616,1
DA:1617,1
DA:1618,1
DA:1620,0
DA:1621,1
DA:1622,2
DA:1624,5
DA:1627,1
DA:1631,1
DA:1632,1
DA:1634,1
DA:1635,1
DA:1652,1
DA:1653,1
DA:1656,1
DA:1658,2
DA:1659,2
DA:1660,1
DA:1661,1
DA:1662,2
DA:1666,1
DA:1667,1
DA:1670,1
DA:1672,3
DA:1673,2
DA:1677,1
DA:1678,2
DA:1681,1
DA:1682,2
DA:1685,1
DA:1686,2
DA:1688,1
DA:1694,1
DA:1695,2
DA:1697,1
DA:1703,4
DA:1704,2
DA:1706,1
DA:1707,0
DA:1708,0
DA:1709,0
DA:1711,0
DA:1719,1
DA:1720,2
DA:1723,2
DA:1724,3
DA:1728,2
DA:1730,1
DA:1731,2
DA:1732,1
DA:1735,1
DA:1737,1
DA:1740,1
DA:1741,2
DA:1746,1
DA:1747,1
DA:1748,2
DA:1749,2
DA:1752,3
DA:1753,1
DA:1761,2
DA:1762,1
DA:1763,2
DA:1769,1
DA:1770,1
DA:1772,2
DA:1774,1
DA:1775,2
DA:1779,1
DA:1783,1
DA:1787,1
DA:1788,2
DA:1789,2
DA:1791,1
DA:1797,1
DA:1800,1
DA:1801,2
DA:1802,3
DA:1803,1
DA:1806,2
DA:1809,1
DA:1812,1
DA:1813,2
DA:1814,3
DA:1815,1
DA:1818,2
DA:1821,1
DA:1822,2
DA:1825,1
DA:1826,1
DA:1829,1
DA:1830,1
DA:1832,2
DA:1834,0
DA:1835,0
DA:1839,1
DA:1843,1
DA:1844,2
DA:1845,1
DA:1847,1
DA:1849,1
DA:1850,3
DA:1853,0
DA:1856,2
DA:1857,0
DA:1861,1
DA:1865,1
DA:1866,1
DA:1871,1
DA:1872,1
DA:1873,2
DA:1874,2
DA:1875,0
DA:1876,0
DA:1878,3
DA:1879,3
DA:1880,4
DA:1881,2
DA:1882,2
DA:1883,1
DA:1886,1
DA:1887,4
DA:1888,2
DA:1891,1
DA:1892,2
DA:1894,2
DA:1895,2
DA:1898,2
DA:1899,1
DA:1900,1
DA:1905,2
DA:1909,1
DA:1910,2
DA:1911,2
DA:1914,3
DA:1915,0
DA:1919,1
DA:1920,3
DA:1923,1
DA:1924,2
DA:1925,3
DA:1932,1
DA:1933,2
DA:1934,2
DA:1935,1
DA:1937,3
DA:1938,1
DA:1945,1
DA:1950,1
DA:1951,1
DA:1952,1
DA:1953,1
DA:1954,1
DA:1955,1
DA:1956,2
DA:1957,2
DA:1958,1
DA:1959,1
DA:1960,1
DA:1964,1
DA:1967,1
DA:1971,1
DA:1972,1
DA:1974,3
DA:1975,2
DA:1977,2
DA:1982,1
DA:1983,4
DA:1984,2
DA:1987,1
DA:1988,2
DA:1991,2
DA:1992,2
DA:1994,1
DA:1995,0
DA:1996,0
DA:1997,0
DA:1999,0
DA:2007,2
DA:2010,2
DA:2012,1
DA:2013,2
DA:2015,1
DA:2018,2
DA:2019,1
DA:2020,2
DA:2021,2
DA:2026,2
DA:2027,3
DA:2031,1
DA:2032,2
DA:2033,1
DA:2036,1
DA:2038,1
DA:2041,0
DA:2042,0
DA:2047,0
DA:2048,0
DA:2049,0
DA:2050,0
DA:2053,3
DA:2054,1
DA:2065,2
DA:2067,7
DA:2068,3
DA:2069,1
DA:2072,1
DA:2074,3
DA:2075,3
DA:2082,1
DA:2083,2
DA:2086,3
DA:2091,1
DA:2092,1
DA:2094,2
DA:2101,1
DA:2106,2
DA:2108,3
DA:2111,4
DA:2116,1
DA:2117,3
DA:2118,3
DA:2119,3
DA:2125,2
DA:2126,1
DA:2131,1
DA:2136,2
DA:2139,2
DA:2142,2
DA:2143,1
DA:2144,1
DA:2145,1
DA:2147,2
DA:2150,3
DA:2151,1
DA:2155,0
DA:2161,0
DA:2163,0
DA:2166,0
DA:2167,0
DA:2168,0
DA:2170,0
DA:2171,0
DA:2174,0
DA:2175,0
DA:2182,0
DA:2183,0
DA:2184,0
DA:2188,0
DA:2189,0
DA:2198,0
DA:2201,0
DA:2202,0
DA:2203,0
DA:2207,0
DA:2211,0
DA:2214,0
DA:2215,0
DA:2217,0
DA:2218,0
DA:2220,0
DA:2221,0
DA:2222,0
DA:2223,0
DA:2224,0
DA:2226,0
DA:2227,0
DA:2228,0
DA:2231,0
DA:2232,0
DA:2234,0
DA:2236,0
DA:2238,0
DA:2239,0
DA:2241,0
DA:2243,0
DA:2249,0
DA:2250,0
DA:2253,0
DA:2254,0
DA:2255,0
DA:2256,0
DA:2257,0
DA:2259,0
DA:2264,0
DA:2270,0
DA:2273,0
DA:2277,0
DA:2278,0
DA:2279,0
DA:2280,0
DA:2281,0
DA:2284,0
DA:2285,0
DA:2287,0
DA:2289,0
DA:2290,0
DA:2293,0
DA:2295,0
DA:2296,0
DA:2297,0
DA:2300,0
DA:2301,0
DA:2302,0
DA:2303,0
DA:2306,0
DA:2307,0
DA:2308,0
DA:2309,0
DA:2310,0
DA:2311,0
DA:2312,0
DA:2313,0
DA:2315,0
DA:2324,1
DA:2325,1
DA:2326,2
DA:2332,1
DA:2336,2
DA:2337,2
DA:2338,1
DA:2339,1
DA:2343,1
DA:2346,1
DA:2350,3
DA:2352,1
DA:2353,0
DA:2354,0
DA:2355,0
DA:2359,1
DA:2362,2
DA:2363,1
DA:2364,1
DA:2367,1
DA:2373,1
DA:2374,1
DA:2375,1
DA:2376,1
DA:2377,1
DA:2379,2
DA:2380,1
DA:2382,1
DA:2385,1
DA:2387,1
DA:2388,1
DA:2389,1
DA:2391,1
DA:2439,3
DA:2443,3
DA:2448,2
DA:2449,1
DA:2463,1
DA:2497,0
DA:2499,0
DA:2502,0
DA:2503,0
DA:2507,1
DA:2508,2
DA:2509,1
DA:2517,1
DA:2518,2
DA:2519,2
DA:2520,1
DA:2521,1
DA:2526,1
DA:2527,2
DA:2528,2
DA:2533,1
DA:2534,1
DA:2535,2
DA:2536,2
DA:2541,1
DA:2542,1
DA:2543,0
DA:2545,1
DA:2546,1
DA:2553,0
DA:2557,1
DA:2560,2
DA:2564,2
DA:2565,1
DA:2566,1
DA:2569,2
DA:2571,3
DA:2572,1
DA:2575,2
DA:2576,1
DA:2580,1
DA:2581,2
DA:2582,2
DA:2588,2
DA:2589,1
DA:2590,3
DA:2597,1
DA:2598,2
DA:2599,1
DA:2604,1
DA:2609,1
DA:2610,1
DA:2613,2
DA:2619,1
DA:2620,1
DA:2621,1
DA:2623,4
DA:2630,2
DA:2631,1
DA:2638,0
DA:2640,1
DA:2641,3
DA:2642,2
DA:2643,4
DA:2646,0
DA:2647,0
DA:2664,1
DA:2665,1
DA:2667,1
DA:2672,0
DA:2673,0
DA:2678,1
DA:2679,1
DA:2680,0
DA:2681,0
DA:2682,0
DA:2683,0
DA:2684,0
DA:2685,0
DA:2686,0
DA:2687,0
DA:2692,1
DA:2694,1
DA:2695,1
DA:2697,1
DA:2698,3
DA:2703,1
DA:2704,1
DA:2705,1
DA:2706,0
DA:2707,0
DA:2708,0
DA:2709,0
DA:2710,0
DA:2711,0
DA:2712,0
DA:2717,1
DA:2718,1
DA:2719,1
DA:2720,2
DA:2721,1
DA:2722,1
DA:2729,0
DA:2730,0
DA:2753,0
DA:2772,1
DA:2773,2
DA:2774,2
DA:2777,1
DA:2778,2
DA:2779,2
DA:2797,1
DA:2799,0
DA:2801,0
DA:2811,1
DA:2818,1
DA:2827,0
DA:2835,1
DA:2836,2
LF:1038
LH:788
end_of_record
SF:/Users/scheglov/Source/Dart/sdk.git/sdk/pkg/analyzer/lib/src/dart/analysis/driver_event.dart
DA:20,1
DA:28,1
DA:40,1
DA:55,1
DA:62,1
DA:72,1
DA:87,1
DA:95,1
LF:8
LH:8
end_of_record
SF:/Users/scheglov/Source/Dart/sdk.git/sdk/pkg/analyzer/lib/src/dart/analysis/file_state.dart
DA:63,1
DA:65,0
DA:70,1
DA:72,0
DA:80,1
DA:91,1
DA:97,0
DA:98,0
DA:100,0
DA:101,0
DA:109,0
DA:115,0
DA:116,0
DA:121,1
DA:126,1
DA:134,0
DA:135,0
DA:142,1
DA:144,0
DA:145,0
DA:152,1
DA:157,0
DA:158,0
DA:174,0
DA:180,0
DA:185,0
DA:187,0
DA:189,0
DA:205,1
DA:206,1
DA:211,1
DA:212,2
DA:217,1
DA:218,1
DA:219,4
DA:225,1
DA:226,1
DA:227,5
DA:228,2
DA:229,1
DA:231,1
DA:232,1
DA:238,1
DA:239,0
DA:245,1
DA:246,0
DA:252,1
DA:253,1
DA:259,0
DA:260,0
DA:267,1
DA:270,1
DA:271,1
DA:275,2
DA:276,1
DA:277,3
DA:280,1
DA:281,2
DA:282,1
DA:283,1
DA:284,1
DA:287,1
DA:298,1
DA:301,1
DA:302,1
DA:303,5
DA:304,2
DA:305,1
DA:307,1
DA:308,1
DA:314,0
DA:315,0
DA:321,0
DA:322,0
DA:328,0
DA:329,0
DA:336,1
DA:342,0
DA:344,0
DA:345,0
DA:346,0
DA:347,0
DA:350,0
DA:351,0
DA:352,0
DA:355,0
DA:356,0
DA:357,0
DA:368,1
DA:369,1
DA:370,1
DA:371,1
DA:372,1
DA:375,1
DA:377,1
DA:378,2
DA:380,2
DA:381,2
DA:382,2
DA:383,2
DA:387,1
DA:389,2
DA:390,2
DA:393,2
DA:394,2
DA:396,2
DA:399,1
DA:400,2
DA:401,1
DA:402,3
DA:411,1
DA:412,3
DA:413,3
DA:418,1
DA:421,2
DA:422,1
DA:424,1
DA:425,1
DA:431,0
DA:432,0
DA:438,0
DA:439,0
DA:445,0
DA:446,0
DA:452,0
DA:453,0
DA:524,1
DA:533,1
DA:536,2
DA:539,3
DA:542,3
DA:545,1
DA:546,2
DA:550,0
DA:551,0
DA:555,3
DA:557,1
DA:558,2
DA:560,2
DA:563,2
DA:566,1
DA:567,2
DA:570,1
DA:571,4
DA:574,0
DA:575,0
DA:578,2
DA:580,2
DA:583,0
DA:586,3
DA:588,1
DA:590,4
DA:594,1
DA:595,3
DA:600,1
DA:601,1
DA:602,1
DA:607,1
DA:608,1
DA:610,1
DA:612,3
DA:618,1
DA:622,1
DA:624,1
DA:625,1
DA:630,0
DA:635,1
DA:640,2
DA:641,3
DA:643,1
DA:644,2
DA:645,1
DA:646,1
DA:647,3
DA:649,1
DA:650,2
DA:651,1
DA:652,1
DA:653,1
DA:656,1
DA:657,1
DA:659,1
DA:664,1
DA:667,1
DA:677,1
DA:678,1
DA:679,1
DA:681,4
DA:682,4
DA:683,1
DA:684,3
DA:687,1
DA:689,1
DA:690,3
DA:691,2
DA:692,2
DA:693,2
DA:694,2
DA:695,2
DA:696,2
DA:698,2
DA:702,2
DA:703,2
DA:708,3
DA:709,4
DA:711,1
DA:713,2
DA:714,0
DA:718,2
DA:720,1
DA:721,2
DA:722,1
DA:725,1
DA:728,3
DA:729,3
DA:732,3
DA:734,1
DA:747,1
DA:749,3
DA:753,1
DA:756,2
DA:760,2
DA:761,0
DA:763,0
DA:764,0
DA:765,0
DA:770,1
DA:772,1
DA:779,1
DA:784,2
DA:786,1
DA:789,3
DA:790,2
DA:793,0
DA:797,2
DA:798,1
DA:803,0
DA:804,0
DA:814,1
DA:821,2
DA:822,3
DA:823,0
DA:827,2
DA:832,1
DA:837,2
DA:838,3
DA:840,1
DA:844,5
DA:845,4
DA:847,3
DA:851,4
DA:852,1
DA:853,3
DA:854,1
DA:855,4
DA:859,2
DA:861,2
DA:862,2
DA:865,1
DA:867,1
DA:868,2
DA:872,1
DA:873,1
DA:874,1
DA:875,1
DA:876,1
DA:877,1
DA:882,1
DA:883,4
DA:884,3
DA:885,4
DA:892,1
DA:893,1
DA:894,3
DA:895,3
DA:896,1
DA:902,1
DA:903,2
DA:910,0
DA:916,0
DA:917,0
DA:918,0
DA:921,0
DA:923,0
DA:927,0
DA:928,0
DA:930,0
DA:931,0
DA:933,0
DA:934,0
DA:937,0
DA:940,1
DA:941,2
DA:943,2
DA:944,2
DA:945,2
DA:947,3
DA:949,2
DA:951,1
DA:952,1
DA:954,2
DA:955,2
DA:961,0
DA:967,2
DA:971,1
DA:977,1
DA:978,1
DA:983,0
DA:984,0
DA:985,0
DA:991,1
DA:992,1
DA:993,1
DA:995,2
DA:996,1
DA:997,1
DA:998,1
DA:999,1
DA:1000,1
DA:1001,1
DA:1002,2
DA:1005,1
DA:1006,1
DA:1007,1
DA:1008,2
DA:1010,1
DA:1011,1
DA:1012,1
DA:1013,1
DA:1014,1
DA:1015,1
DA:1017,1
DA:1018,1
DA:1019,1
DA:1020,1
DA:1021,1
DA:1022,1
DA:1026,1
DA:1027,1
DA:1028,1
DA:1029,1
DA:1030,1
DA:1031,1
DA:1039,2
DA:1040,1
DA:1041,3
DA:1042,1
DA:1043,3
DA:1044,1
DA:1045,1
DA:1047,2
DA:1049,1
DA:1050,3
DA:1051,1
DA:1052,3
DA:1053,1
DA:1054,3
DA:1055,3
DA:1060,1
DA:1062,3
DA:1063,0
DA:1064,1
DA:1066,2
DA:1067,1
DA:1068,2
DA:1069,1
DA:1070,1
DA:1073,1
DA:1075,1
DA:1077,1
DA:1078,1
DA:1081,3
DA:1082,1
DA:1091,1
DA:1097,3
DA:1100,3
DA:1101,3
DA:1108,1
DA:1111,2
DA:1112,1
DA:1113,1
DA:1114,2
DA:1115,1
DA:1117,5
DA:1121,1
DA:1122,2
DA:1123,1
DA:1125,5
DA:1128,1
DA:1131,1
DA:1134,1
DA:1135,0
DA:1136,0
DA:1137,0
DA:1140,0
DA:1142,1
DA:1145,1
DA:1146,1
DA:1147,2
DA:1148,2
DA:1149,2
DA:1150,2
DA:1154,1
DA:1159,1
DA:1162,1
DA:1163,1
DA:1164,1
DA:1165,1
DA:1169,1
DA:1170,1
DA:1171,2
DA:1172,1
DA:1177,1
DA:1178,2
DA:1179,2
DA:1180,2
DA:1182,2
DA:1187,1
DA:1188,1
DA:1189,2
DA:1190,2
DA:1210,0
DA:1212,0
DA:1290,1
DA:1308,2
DA:1311,0
DA:1313,1
DA:1314,1
DA:1319,0
DA:1320,0
DA:1325,0
DA:1329,0
DA:1330,0
DA:1333,0
DA:1336,0
DA:1339,0
DA:1340,0
DA:1346,1
DA:1347,1
DA:1348,1
DA:1349,2
DA:1350,1
DA:1355,2
DA:1357,1
DA:1362,1
DA:1365,2
DA:1366,4
DA:1367,2
DA:1369,3
DA:1378,0
DA:1380,0
DA:1381,0
DA:1383,0
DA:1384,0
DA:1385,0
DA:1389,1
DA:1390,3
DA:1393,0
DA:1394,0
DA:1397,0
DA:1398,0
DA:1403,1
DA:1404,2
DA:1406,2
DA:1407,2
DA:1408,1
DA:1423,1
DA:1427,2
DA:1431,1
DA:1432,0
DA:1435,2
DA:1443,1
DA:1447,2
DA:1449,0
DA:1452,2
DA:1454,2
DA:1459,1
DA:1461,1
DA:1466,0
DA:1467,0
DA:1468,0
DA:1470,0
DA:1471,0
DA:1472,0
DA:1481,0
DA:1482,0
DA:1486,0
DA:1487,0
DA:1488,0
DA:1489,0
DA:1490,0
DA:1501,1
DA:1502,2
DA:1504,2
DA:1505,2
DA:1506,2
DA:1507,2
DA:1513,1
DA:1514,1
DA:1520,0
DA:1522,0
DA:1523,0
DA:1524,0
DA:1528,0
DA:1529,0
DA:1530,0
DA:1538,1
DA:1539,2
DA:1540,2
DA:1541,2
DA:1542,2
DA:1543,2
DA:1544,2
DA:1545,2
DA:1547,2
DA:1550,1
DA:1551,2
DA:1553,1
DA:1559,1
DA:1561,0
DA:1566,2
DA:1569,1
DA:1570,1
DA:1574,1
DA:1580,1
DA:1585,2
DA:1588,1
DA:1592,1
DA:1598,1
DA:1599,2
DA:1600,1
DA:1601,1
DA:1607,1
DA:1613,1
DA:1623,2
DA:1624,2
DA:1625,2
DA:1626,2
DA:1627,2
DA:1629,1
DA:1630,1
DA:1631,2
DA:1632,1
DA:1635,2
DA:1644,1
DA:1646,3
DA:1652,1
DA:1653,3
DA:1667,1
DA:1669,1
DA:1670,2
DA:1672,1
DA:1674,7
DA:1688,1
DA:1689,1
DA:1690,2
DA:1691,1
DA:1692,1
DA:1694,1
DA:1695,1
DA:1696,2
DA:1697,1
DA:1698,1
DA:1699,2
DA:1706,1
DA:1707,1
DA:1710,1
DA:1713,1
DA:1715,0
DA:1717,0
DA:1719,0
DA:1728,1
DA:1736,0
DA:1743,0
DA:1749,1
DA:1755,5
DA:1758,3
DA:1761,1
DA:1762,2
DA:1763,1
DA:1769,1
DA:1771,3
DA:1772,1
DA:1777,1
DA:1778,2
DA:1780,0
DA:1782,0
DA:1789,0
DA:1796,0
DA:1798,0
DA:1799,0
DA:1805,0
DA:1806,0
DA:1812,1
DA:1823,1
DA:1861,1
DA:1866,4
DA:1870,0
DA:1871,0
DA:1875,0
DA:1877,0
DA:1878,0
DA:1879,0
DA:1882,0
DA:1888,1
DA:1889,1
DA:1891,1
DA:1892,1
DA:1893,2
DA:1894,1
DA:1895,1
DA:1897,1
DA:1903,1
DA:1908,1
DA:1909,5
DA:1912,2
DA:1914,1
DA:1919,1
DA:1920,1
DA:1921,4
DA:1924,1
DA:1933,1
DA:1934,1
DA:1938,1
DA:1939,1
DA:1940,3
DA:1941,2
DA:1942,2
DA:1943,2
DA:1944,2
DA:1947,3
DA:1950,1
DA:1952,4
DA:1955,1
DA:1956,1
DA:1959,1
DA:1961,4
DA:1962,1
DA:1965,1
DA:1967,2
DA:1968,1
DA:1971,1
DA:1972,1
DA:1975,1
DA:1977,2
DA:1987,1
DA:1995,0
DA:2002,0
DA:2004,3
DA:2006,3
DA:2012,1
DA:2018,5
DA:2021,3
DA:2024,1
DA:2025,2
DA:2026,1
DA:2032,1
DA:2034,3
DA:2035,1
DA:2040,1
DA:2041,2
DA:2043,1
DA:2045,5
DA:2052,0
DA:2059,0
DA:2061,0
DA:2062,0
DA:2068,0
DA:2069,0
DA:2075,1
DA:2086,1
DA:2095,1
DA:2106,1
DA:2114,1
DA:2124,1
DA:2125,2
DA:2128,1
DA:2129,2
DA:2132,1
DA:2133,2
DA:2136,1
DA:2137,2
DA:2143,1
DA:2155,1
DA:2166,1
DA:2172,5
DA:2175,3
DA:2179,1
DA:2180,2
DA:2181,3
DA:2187,0
DA:2189,0
DA:2196,1
DA:2207,1
DA:2219,1
DA:2222,1
DA:2223,3
DA:2224,4
DA:2229,1
DA:2231,1
DA:2234,2
DA:2235,1
DA:2238,0
DA:2246,1
DA:2248,2
DA:2251,1
DA:2253,2
DA:2254,3
DA:2255,1
DA:2257,1
DA:2259,4
DA:2262,2
DA:2263,2
DA:2264,4
DA:2270,1
DA:2272,5
DA:2280,1
DA:2282,1
DA:2284,2
DA:2292,1
DA:2300,1
DA:2301,2
DA:2302,1
DA:2308,1
DA:2310,1
DA:2311,1
DA:2312,1
DA:2314,1
DA:2316,0
DA:2317,0
DA:2325,1
DA:2327,3
DA:2333,0
DA:2335,0
DA:2338,0
DA:2352,1
DA:2362,1
DA:2364,1
DA:2366,2
DA:2367,1
DA:2368,1
DA:2369,1
DA:2370,1
DA:2376,1
DA:2377,2
DA:2386,0
DA:2392,1
DA:2398,1
DA:2399,2
DA:2403,1
DA:2404,1
DA:2406,3
DA:2407,1
DA:2411,1
DA:2412,2
DA:2416,1
DA:2417,1
DA:2419,0
DA:2421,0
DA:2422,0
DA:2423,0
DA:2431,1
DA:2432,2
DA:2433,1
DA:2439,1
DA:2440,4
LF:766
LH:594
end_of_record
SF:/Users/scheglov/Source/Dart/sdk.git/sdk/pkg/analyzer/lib/src/dart/analysis/status.dart
DA:9,1
DA:11,2
DA:17,2
DA:19,1
DA:22,0
DA:30,2
DA:32,1
DA:35,0
DA:48,1
DA:49,2
DA:50,2
DA:55,1
DA:56,2
DA:57,2
DA:69,1
DA:73,0
DA:77,1
DA:78,2
DA:80,1
DA:81,2
DA:82,2
DA:88,1
DA:89,2
DA:90,1
DA:91,1
DA:92,2
DA:101,0
DA:102,0
DA:103,0
DA:104,0
DA:105,0
DA:106,0
LF:32
LH:23
end_of_record
SF:/Users/scheglov/Source/Dart/sdk.git/sdk/pkg/analyzer/lib/src/fine/requirements.dart
DA:35,1
DA:42,0
DA:43,0
DA:44,0
DA:45,0
DA:46,0
DA:47,0
DA:49,0
DA:50,0
DA:51,0
DA:56,1
DA:57,2
DA:58,1
DA:60,0
DA:65,3
DA:66,1
DA:67,1
DA:71,1
DA:75,1
DA:76,2
DA:77,3
DA:78,1
DA:79,1
DA:80,1
DA:81,1
DA:90,3
DA:91,1
DA:92,1
DA:93,1
DA:95,2
DA:102,1
DA:103,2
DA:104,2
DA:105,4
DA:106,1
DA:107,1
DA:108,2
DA:109,2
DA:113,1
DA:114,1
DA:115,2
DA:117,1
DA:118,2
DA:121,1
DA:122,2
DA:133,1
DA:135,0
DA:136,0
DA:138,0
DA:139,0
DA:140,0
DA:141,0
DA:153,1
DA:155,0
DA:156,0
DA:157,0
DA:161,1
DA:163,1
DA:164,2
DA:173,1
DA:175,0
DA:176,0
DA:177,0
DA:181,1
DA:183,1
DA:184,2
DA:196,1
DA:198,1
DA:199,3
DA:202,1
DA:203,1
DA:204,1
DA:205,1
DA:209,1
DA:210,2
DA:211,2
DA:226,1
DA:228,1
DA:229,1
DA:231,2
DA:232,1
DA:233,2
DA:234,2
DA:238,2
DA:239,1
DA:240,2
DA:241,1
DA:242,1
DA:243,2
DA:244,2
DA:250,2
DA:251,1
DA:260,1
DA:264,2
DA:265,1
DA:266,1
DA:272,1
DA:276,3
DA:277,1
DA:279,1
DA:280,1
DA:282,0
DA:285,3
DA:286,1
DA:287,1
DA:288,2
DA:289,1
DA:292,1
DA:299,3
DA:300,1
DA:302,1
DA:303,1
DA:305,0
DA:308,3
DA:309,1
DA:310,2
DA:311,1
DA:312,0
DA:318,2
DA:319,2
DA:320,1
DA:321,1
DA:322,1
DA:323,1
DA:324,1
DA:334,2
DA:335,2
DA:336,1
DA:337,1
DA:338,1
DA:339,1
DA:340,1
DA:352,2
DA:353,1
DA:364,1
DA:368,1
DA:374,1
DA:375,1
DA:376,2
DA:381,1
DA:387,1
DA:391,1
DA:397,2
DA:398,1
DA:403,0
DA:404,0
DA:408,0
DA:409,0
DA:413,2
DA:418,1
DA:422,1
DA:423,1
DA:424,3
DA:425,1
DA:426,2
DA:434,1
DA:435,1
DA:436,3
DA:437,2
DA:440,2
DA:441,2
DA:444,2
DA:445,2
DA:449,1
DA:450,1
DA:451,1
DA:452,2
DA:453,2
DA:456,1
DA:457,1
DA:458,2
DA:459,1
DA:460,1
DA:462,2
DA:463,2
DA:468,1
DA:469,1
DA:470,2
DA:474,1
DA:475,2
DA:476,2
DA:477,1
DA:485,3
DA:487,1
DA:488,1
DA:489,2
DA:491,1
DA:492,1
DA:493,2
DA:496,1
DA:499,1
DA:501,1
DA:502,2
DA:505,3
DA:506,2
DA:508,2
DA:510,2
DA:514,2
DA:515,1
DA:516,2
DA:517,1
DA:526,1
DA:529,1
DA:530,1
DA:539,2
DA:541,4
DA:542,2
DA:548,2
DA:552,0
DA:556,0
DA:557,0
DA:558,0
DA:565,1
DA:566,1
DA:568,2
DA:569,2
DA:575,1
DA:576,1
DA:577,2
DA:578,2
LF:220
LH:187
end_of_record
SF:/Users/scheglov/Source/Dart/sdk.git/sdk/pkg/analyzer/lib/src/lint/linter.dart
DA:70,0
DA:73,0
DA:74,0
DA:92,0
DA:94,0
DA:95,0
DA:96,0
DA:97,0
DA:100,0
DA:103,0
DA:106,0
DA:110,0
DA:113,0
DA:115,0
DA:119,0
DA:121,0
DA:149,1
DA:158,0
DA:159,0
DA:160,0
DA:161,0
DA:164,0
DA:166,0
DA:167,0
DA:168,0
DA:173,0
DA:175,0
DA:194,1
DA:202,0
DA:205,0
DA:214,0
DA:215,0
DA:216,0
DA:220,3
DA:222,1
DA:229,1
DA:231,2
DA:237,0
DA:243,0
DA:253,0
DA:259,0
DA:260,0
DA:262,0
DA:274,1
DA:281,2
DA:284,1
DA:295,0
DA:302,0
DA:303,0
DA:304,0
DA:305,0
DA:306,0
DA:310,0
DA:318,0
DA:324,0
DA:325,0
DA:327,0
DA:335,0
DA:340,0
DA:356,1
DA:364,0
DA:365,0
LF:62
LH:10
end_of_record
SF:/Users/scheglov/Source/Dart/sdk.git/sdk/pkg/analyzer/lib/src/utilities/extensions/async.dart
DA:8,1
DA:9,2
DA:10,1
DA:14,0
DA:15,0
DA:16,0
LF:6
LH:3
end_of_record
SF:/Users/scheglov/Source/Dart/sdk.git/sdk/pkg/analyzer/lib/src/test_utilities/resource_provider_mixin.dart
DA:25,2
DA:27,0
DA:29,3
DA:31,1
DA:32,3
DA:33,0
DA:34,1
DA:37,0
DA:38,0
DA:39,0
DA:42,1
DA:43,1
DA:44,3
DA:47,1
DA:48,2
DA:51,0
DA:52,0
DA:53,0
DA:56,0
DA:57,0
DA:62,0
DA:65,0
DA:66,0
DA:69,1
DA:70,1
DA:71,2
DA:74,0
DA:75,0
DA:76,0
DA:79,1
DA:88,3
DA:99,1
DA:100,1
DA:101,3
DA:104,1
DA:105,2
DA:108,1
DA:109,1
DA:110,1
DA:113,0
DA:114,0
DA:115,0
DA:118,0
DA:119,0
DA:120,0
DA:123,1
DA:124,1
DA:125,3
DA:128,1
DA:129,1
DA:130,3
DA:133,0
DA:134,0
DA:135,0
DA:136,0
DA:139,1
DA:140,1
DA:145,1
DA:148,0
DA:152,0
DA:153,0
DA:156,0
DA:157,0
DA:158,0
DA:161,0
DA:166,0
DA:167,0
DA:170,1
DA:171,1
DA:172,3
DA:175,1
DA:176,2
DA:184,1
DA:185,5
DA:186,0
DA:187,0
DA:189,0
LF:77
LH:39
end_of_record
SF:/Users/scheglov/Source/Dart/sdk.git/sdk/pkg/analyzer/lib/src/dart/analysis/library_graph.dart
DA:19,1
DA:20,1
DA:21,2
DA:67,1
DA:75,2
DA:76,2
DA:81,1
DA:83,2
DA:85,2
DA:93,1
DA:94,2
DA:95,1
DA:97,3
DA:98,1
DA:100,2
DA:101,2
DA:105,1
DA:107,4
DA:116,1
DA:118,1
DA:119,2
DA:121,1
DA:124,2
DA:125,2
DA:126,1
DA:127,1
DA:128,1
DA:129,3
DA:130,1
DA:131,1
DA:132,3
DA:135,1
DA:136,1
DA:137,1
DA:139,4
DA:142,0
DA:144,0
DA:154,1
DA:156,1
DA:158,2
DA:161,1
DA:163,1
DA:164,2
DA:167,2
DA:168,3
DA:169,3
DA:170,1
DA:175,2
DA:176,1
DA:179,1
DA:184,1
DA:186,2
DA:187,2
DA:188,2
DA:189,2
DA:191,2
DA:192,2
DA:194,2
DA:196,2
DA:197,2
DA:198,2
DA:199,2
DA:206,1
DA:207,1
DA:208,1
DA:210,3
DA:211,3
DA:212,2
DA:213,2
DA:214,2
DA:215,2
DA:217,1
DA:218,1
DA:222,1
DA:223,1
DA:226,1
DA:232,2
DA:233,2
DA:237,1
DA:238,4
DA:241,1
DA:246,2
DA:247,2
DA:248,2
DA:253,1
DA:254,2
LF:86
LH:84
end_of_record
SF:/Users/scheglov/Source/Dart/sdk.git/sdk/pkg/analyzer/lib/src/dart/analysis/results.dart
DA:28,0
DA:29,0
DA:31,0
DA:32,0
DA:33,0
DA:34,0
DA:44,1
DA:57,0
DA:59,0
DA:61,0
DA:63,0
DA:67,0
DA:68,0
DA:69,0
DA:70,0
DA:72,0
DA:73,0
DA:74,0
DA:76,0
DA:77,0
DA:78,0
DA:80,0
DA:81,0
DA:82,0
DA:84,0
DA:85,0
DA:86,0
DA:89,0
DA:90,0
DA:91,0
DA:92,0
DA:93,0
DA:96,0
DA:97,0
DA:101,0
DA:102,0
DA:103,0
DA:104,0
DA:107,0
DA:108,0
DA:109,0
DA:110,0
DA:112,0
DA:113,0
DA:114,0
DA:117,0
DA:118,0
DA:119,0
DA:121,0
DA:122,0
DA:123,0
DA:125,0
DA:126,0
DA:127,0
DA:129,0
DA:130,0
DA:131,0
DA:133,0
DA:134,0
DA:135,0
DA:137,0
DA:138,0
DA:139,0
DA:140,0
DA:142,0
DA:143,0
DA:144,0
DA:147,0
DA:148,0
DA:149,0
DA:151,0
DA:152,0
DA:153,0
DA:154,0
DA:159,0
DA:160,0
DA:164,0
DA:165,0
DA:168,0
DA:169,0
DA:190,0
DA:226,1
DA:238,1
DA:239,2
DA:257,1
DA:258,1
DA:259,1
DA:260,2
DA:261,2
DA:263,0
DA:264,0
DA:266,1
DA:267,2
DA:269,1
DA:270,2
DA:272,1
DA:273,2
DA:280,1
DA:288,1
DA:290,0
DA:293,0
DA:296,0
DA:298,0
DA:299,0
DA:303,0
DA:304,0
DA:305,0
DA:306,0
DA:307,0
DA:308,0
DA:309,0
DA:315,0
DA:316,0
DA:317,0
DA:323,0
DA:339,1
DA:357,1
DA:359,0
DA:360,0
DA:393,0
DA:415,1
DA:421,0
DA:422,0
DA:424,0
DA:427,0
DA:430,0
DA:432,0
DA:433,0
DA:437,0
DA:438,0
DA:439,0
DA:440,0
DA:441,0
DA:442,0
DA:444,0
DA:445,0
DA:451,0
DA:452,0
DA:453,0
DA:459,0
DA:467,0
DA:469,0
DA:470,0
DA:486,1
DA:493,1
DA:494,2
DA:496,1
DA:498,2
DA:501,1
DA:502,2
DA:504,0
DA:505,0
DA:507,0
DA:508,0
DA:516,1
LF:155
LH:28
end_of_record
SF:/Users/scheglov/Source/Dart/sdk.git/sdk/pkg/analyzer/lib/src/fine/base_name_members.dart
DA:14,1
DA:15,2
DA:18,1
DA:19,2
DA:22,1
DA:24,0
DA:31,1
DA:36,0
DA:41,0
DA:46,1
DA:51,0
DA:56,1
DA:58,1
DA:59,2
DA:66,1
DA:68,1
DA:69,1
DA:70,1
DA:74,1
DA:75,2
DA:77,1
DA:79,2
DA:82,1
DA:86,1
DA:89,1
DA:91,1
DA:92,1
DA:94,1
DA:95,1
DA:101,1
DA:103,1
DA:104,1
DA:106,1
DA:107,1
DA:113,1
DA:115,1
DA:116,1
DA:118,1
DA:119,1
DA:125,1
DA:127,1
DA:130,1
DA:132,1
DA:133,2
DA:141,1
DA:142,2
DA:144,1
DA:145,1
DA:146,1
DA:147,1
DA:151,1
DA:152,2
DA:154,1
DA:156,2
DA:159,1
DA:161,1
DA:164,1
DA:165,2
DA:167,1
DA:169,1
DA:172,1
DA:174,1
DA:175,1
DA:177,1
DA:178,1
DA:179,1
DA:185,1
DA:187,1
DA:188,2
DA:189,2
DA:198,1
DA:202,2
DA:203,2
DA:205,1
DA:206,1
DA:207,1
DA:208,1
DA:209,1
DA:213,1
DA:214,2
DA:216,1
DA:218,2
DA:221,1
DA:223,1
DA:226,1
DA:228,1
DA:231,1
DA:232,2
DA:234,1
DA:235,2
DA:237,1
DA:239,1
DA:242,1
DA:244,1
DA:245,2
DA:246,2
DA:247,2
DA:255,1
DA:256,2
DA:258,1
DA:259,1
DA:260,1
DA:261,1
DA:265,1
DA:266,2
DA:268,1
DA:270,2
DA:273,1
DA:275,1
DA:278,1
DA:279,2
DA:281,1
DA:283,1
DA:286,1
DA:288,1
DA:291,1
DA:293,1
DA:296,1
DA:298,1
DA:299,2
DA:300,2
DA:308,1
DA:309,2
DA:311,1
DA:312,1
DA:313,1
DA:314,1
DA:318,1
DA:319,2
DA:321,1
DA:323,2
DA:326,1
DA:328,1
DA:331,1
DA:332,2
DA:334,1
DA:336,1
DA:339,1
DA:341,1
DA:342,2
DA:343,2
DA:350,1
DA:352,1
DA:353,2
DA:356,1
DA:358,1
DA:361,1
DA:362,2
DA:364,1
DA:366,1
DA:369,1
DA:371,4
DA:372,1
DA:374,2
DA:377,0
DA:379,0
DA:380,0
DA:382,0
DA:383,0
DA:384,0
DA:389,1
DA:391,1
DA:392,2
DA:400,1
DA:402,4
DA:406,1
DA:407,1
DA:408,1
DA:409,1
DA:413,1
DA:415,1
DA:418,1
DA:420,1
DA:423,1
DA:424,2
DA:426,1
DA:427,2
DA:429,1
DA:431,1
DA:434,0
DA:436,0
DA:437,0
DA:439,0
DA:440,0
DA:441,0
DA:442,0
DA:447,1
DA:449,1
DA:450,2
DA:451,2
DA:458,1
DA:460,1
DA:461,2
DA:464,1
DA:466,1
DA:469,1
DA:470,2
DA:472,1
DA:474,1
DA:477,1
DA:479,2
DA:482,1
DA:484,1
DA:485,2
DA:490,1
DA:492,1
DA:493,1
DA:495,1
DA:496,1
DA:497,1
DA:498,1
DA:499,1
DA:500,1
DA:501,1
DA:502,1
DA:503,1
DA:504,1
DA:505,1
DA:506,1
DA:507,1
DA:508,1
DA:509,1
DA:510,1
DA:511,1
DA:512,1
DA:513,1
DA:514,1
DA:515,1
DA:516,1
DA:517,1
DA:518,1
DA:522,1
DA:524,1
DA:526,1
DA:528,1
DA:530,1
DA:532,1
DA:534,1
DA:536,1
DA:538,1
DA:540,0
DA:543,0
DA:546,0
DA:547,0
DA:550,0
DA:551,0
DA:554,0
DA:555,0
DA:558,0
DA:559,0
DA:562,0
DA:563,0
DA:584,0
DA:585,0
DA:588,1
DA:589,1
DA:590,2
DA:591,2
DA:599,1
DA:601,1
DA:602,2
DA:605,1
DA:607,1
DA:610,1
DA:611,2
DA:613,1
DA:615,1
DA:618,1
DA:620,2
DA:623,1
DA:625,1
DA:628,1
DA:630,1
DA:633,0
DA:635,0
DA:636,0
DA:638,0
DA:639,0
DA:640,0
DA:645,1
DA:647,1
DA:648,2
DA:656,1
DA:658,1
DA:659,1
DA:660,1
DA:661,1
DA:665,1
DA:667,1
DA:670,1
DA:672,1
DA:675,1
DA:676,2
DA:678,1
DA:679,2
DA:681,1
DA:683,1
DA:686,1
DA:688,1
DA:689,2
DA:690,2
DA:697,1
DA:699,1
DA:700,2
DA:703,1
DA:705,1
DA:708,1
DA:709,2
DA:711,1
DA:713,1
DA:716,0
DA:718,0
DA:719,0
DA:721,0
DA:722,0
DA:723,0
DA:728,1
DA:730,1
DA:731,2
DA:739,1
DA:741,1
DA:742,2
DA:745,1
DA:746,2
DA:748,1
DA:750,1
DA:751,2
DA:756,1
DA:758,1
DA:759,1
DA:761,1
DA:762,1
DA:763,1
DA:764,1
DA:770,1
DA:779,1
DA:781,1
DA:782,2
DA:785,1
DA:787,1
DA:788,2
DA:810,1
DA:814,1
DA:816,2
DA:817,1
DA:820,2
DA:824,1
DA:825,1
DA:827,2
DA:829,2
DA:833,1
DA:834,1
DA:836,2
DA:838,2
DA:842,1
DA:843,1
DA:845,2
DA:847,2
DA:851,1
DA:852,1
DA:854,2
DA:856,2
DA:860,1
DA:861,1
DA:863,3
DA:865,2
DA:869,1
DA:870,1
DA:872,2
DA:873,2
LF:370
LH:327
end_of_record
SF:/Users/scheglov/Source/Dart/sdk.git/sdk/pkg/analyzer/lib/src/fine/library_manifest.dart
DA:30,1
DA:32,1
DA:33,1
DA:34,1
DA:35,2
DA:36,2
DA:38,1
DA:39,2
DA:40,2
DA:47,1
DA:48,5
DA:51,1
DA:52,1
DA:53,1
DA:54,2
DA:55,2
DA:57,1
DA:58,1
DA:59,2
DA:60,2
DA:95,1
DA:100,2
DA:101,2
DA:102,4
DA:104,1
DA:107,1
DA:110,4
DA:112,1
DA:114,1
DA:115,1
DA:116,1
DA:118,1
DA:121,1
DA:127,2
DA:128,1
DA:129,1
DA:134,1
DA:136,3
DA:139,2
DA:140,2
DA:141,1
DA:154,1
DA:156,1
DA:158,1
DA:159,1
DA:164,1
DA:169,2
DA:172,2
DA:176,1
DA:178,2
DA:179,2
DA:185,2
DA:188,1
DA:191,1
DA:193,1
DA:195,1
DA:196,2
DA:200,2
DA:201,2
DA:202,1
DA:203,1
DA:209,1
DA:211,1
DA:216,2
DA:218,2
DA:219,3
DA:220,2
DA:222,2
DA:229,1
DA:233,1
DA:234,3
DA:238,1
DA:239,2
DA:240,2
DA:241,1
DA:242,1
DA:248,1
DA:253,2
DA:254,1
DA:261,2
DA:262,1
DA:269,2
DA:270,1
DA:278,1
DA:283,2
DA:288,2
DA:289,1
DA:290,1
DA:296,1
DA:297,2
DA:300,1
DA:305,2
DA:310,2
DA:311,1
DA:312,1
DA:318,1
DA:319,1
DA:320,2
DA:322,2
DA:326,1
DA:331,2
DA:336,2
DA:337,1
DA:338,1
DA:344,1
DA:345,2
DA:348,1
DA:353,2
DA:358,2
DA:359,1
DA:360,1
DA:366,1
DA:367,2
DA:370,1
DA:377,1
DA:378,1
DA:382,2
DA:383,1
DA:390,1
DA:397,1
DA:403,2
DA:404,1
DA:405,1
DA:410,1
DA:412,3
DA:415,2
DA:416,2
DA:417,1
DA:425,1
DA:426,2
DA:427,1
DA:428,2
DA:430,4
DA:431,2
DA:432,1
DA:435,2
DA:441,1
DA:446,2
DA:451,2
DA:455,2
DA:457,3
DA:460,0
DA:467,2
DA:472,1
DA:478,2
DA:479,1
DA:480,1
DA:485,1
DA:488,1
DA:494,2
DA:495,1
DA:496,1
DA:501,1
DA:504,1
DA:510,2
DA:511,1
DA:512,1
DA:517,1
DA:522,1
DA:523,1
DA:524,1
DA:525,1
DA:526,1
DA:529,3
DA:530,1
DA:532,2
DA:533,1
DA:535,1
DA:536,0
DA:546,1
DA:547,2
DA:549,2
DA:550,1
DA:551,1
DA:552,2
DA:553,2
DA:559,1
DA:560,1
DA:566,1
DA:567,1
DA:573,1
DA:574,1
DA:580,1
DA:581,1
DA:587,1
DA:588,1
DA:598,2
DA:599,1
DA:600,2
DA:603,1
DA:604,1
DA:606,1
DA:609,1
DA:615,1
DA:616,1
DA:617,1
DA:618,2
DA:619,1
DA:620,1
DA:621,1
DA:624,1
DA:628,1
DA:632,4
DA:633,3
DA:637,3
DA:638,1
DA:640,2
DA:643,1
DA:646,1
DA:647,2
DA:648,1
DA:652,1
DA:654,2
DA:655,1
DA:658,1
DA:659,2
DA:660,1
DA:669,4
DA:670,3
DA:674,1
DA:675,5
DA:678,1
DA:679,2
DA:680,1
DA:682,2
DA:686,1
DA:693,2
DA:695,1
DA:697,2
DA:739,1
DA:748,1
DA:749,3
DA:750,2
DA:752,1
DA:753,1
DA:754,2
DA:756,1
DA:757,1
DA:758,2
DA:760,1
DA:761,1
DA:762,2
DA:764,1
DA:765,1
DA:766,2
DA:768,1
DA:769,1
DA:770,2
DA:779,1
DA:784,2
DA:785,3
DA:786,3
DA:789,1
DA:793,3
DA:794,1
DA:798,1
DA:799,1
DA:803,1
DA:805,1
DA:811,1
DA:817,1
DA:826,1
DA:831,2
DA:835,1
DA:838,1
DA:839,2
DA:840,1
DA:844,1
DA:845,1
DA:849,1
DA:851,1
DA:853,1
DA:854,2
DA:855,2
DA:856,1
DA:860,1
DA:861,1
DA:865,1
DA:867,1
DA:868,2
DA:869,1
DA:873,1
DA:874,1
DA:878,1
DA:882,0
DA:886,1
DA:891,1
DA:892,1
DA:893,1
DA:894,1
DA:897,2
DA:898,1
DA:899,1
DA:901,1
DA:904,2
DA:910,1
DA:915,2
DA:920,1
DA:921,2
DA:922,1
DA:926,1
DA:927,1
DA:931,1
DA:935,1
DA:940,2
DA:941,1
DA:943,1
DA:946,2
DA:951,1
DA:956,3
DA:957,2
DA:958,2
DA:961,1
DA:963,1
DA:966,2
DA:972,1
DA:976,3
DA:977,1
DA:981,1
DA:982,1
DA:986,1
DA:988,1
DA:994,1
DA:1003,1
DA:1007,3
DA:1008,1
DA:1012,1
DA:1013,1
DA:1017,1
DA:1021,1
DA:1025,3
DA:1026,1
DA:1030,1
DA:1031,1
DA:1035,1
DA:1039,1
DA:1043,3
DA:1044,1
DA:1048,1
DA:1049,1
DA:1053,1
LF:341
LH:338
end_of_record
SF:/Users/scheglov/Source/Dart/sdk.git/sdk/pkg/analyzer/lib/src/fine/lookup_name.dart
DA:13,1
DA:14,1
DA:15,1
DA:19,1
DA:21,1
DA:22,1
DA:25,1
DA:26,1
DA:34,1
DA:35,1
DA:36,1
DA:39,1
DA:40,1
DA:41,1
DA:44,1
DA:45,1
DA:48,1
DA:49,1
DA:53,1
DA:55,1
DA:56,1
DA:59,2
DA:61,0
DA:62,0
DA:65,1
DA:66,1
DA:69,1
DA:70,1
DA:75,1
DA:76,2
DA:77,2
DA:78,1
DA:84,3
DA:88,1
DA:89,4
DA:94,1
DA:95,1
DA:98,1
DA:99,1
DA:104,0
DA:105,0
DA:107,0
DA:108,0
DA:109,0
LF:44
LH:37
end_of_record
SF:/Users/scheglov/Source/Dart/sdk.git/sdk/pkg/analyzer/lib/src/fine/manifest_ast.dart
DA:28,4
DA:29,5
DA:31,1
DA:32,3
DA:33,4
DA:36,1
DA:37,2
DA:38,1
DA:39,2
DA:69,1
DA:70,1
DA:71,1
DA:73,1
DA:75,2
DA:76,3
DA:77,2
DA:80,1
DA:83,1
DA:84,1
DA:85,1
DA:87,1
DA:89,1
DA:90,1
DA:91,1
DA:93,2
DA:94,3
DA:95,1
DA:96,2
DA:100,1
DA:101,1
DA:102,1
DA:103,1
DA:104,1
DA:105,1
DA:109,1
DA:116,1
DA:119,1
DA:121,2
DA:122,4
DA:126,3
DA:129,1
DA:131,2
DA:134,1
DA:137,1
DA:138,1
DA:139,1
DA:141,1
DA:144,5
DA:147,4
DA:148,3
DA:154,1
DA:155,1
DA:156,1
DA:164,1
DA:165,2
DA:166,2
DA:167,4
DA:168,2
DA:171,1
DA:172,3
DA:175,1
DA:176,3
DA:186,1
DA:191,1
DA:193,1
DA:196,1
DA:198,1
DA:199,2
DA:202,1
DA:204,1
DA:207,1
DA:209,1
DA:212,1
DA:214,1
DA:217,1
DA:219,1
DA:220,2
DA:223,1
DA:226,1
DA:228,1
DA:231,1
DA:233,1
DA:236,1
DA:238,1
DA:239,2
DA:242,0
DA:244,0
DA:247,1
DA:250,0
DA:252,0
DA:255,0
DA:257,0
DA:260,1
DA:262,1
DA:265,1
DA:268,1
DA:270,1
DA:273,1
DA:276,0
DA:278,0
DA:281,1
DA:283,1
DA:286,1
DA:288,1
DA:291,1
DA:293,2
DA:296,1
DA:298,1
DA:299,2
DA:302,0
DA:305,0
DA:307,0
DA:310,1
DA:312,2
DA:313,2
DA:316,1
DA:318,1
DA:319,2
DA:322,1
DA:324,1
DA:327,1
DA:331,1
DA:334,1
DA:336,1
DA:339,0
DA:341,0
DA:344,1
DA:346,2
DA:349,1
DA:352,0
DA:354,0
DA:357,1
DA:359,1
DA:362,1
DA:364,1
DA:367,0
DA:369,0
DA:372,1
DA:379,1
DA:382,1
DA:384,2
DA:385,1
DA:387,0
DA:388,1
DA:393,4
DA:396,1
DA:397,2
DA:402,1
DA:403,3
DA:406,3
DA:407,3
DA:414,1
DA:415,3
DA:420,1
DA:423,1
DA:429,1
DA:430,3
LF:157
LH:139
end_of_record
SF:/Users/scheglov/Source/Dart/sdk.git/sdk/pkg/analyzer/lib/src/fine/manifest_context.dart
DA:19,1
DA:22,1
DA:23,2
DA:26,1
DA:27,2
DA:31,0
DA:34,1
DA:35,2
DA:36,4
DA:39,0
DA:42,1
DA:46,2
DA:47,4
DA:50,1
DA:52,2
DA:53,2
DA:58,1
DA:62,2
DA:63,4
DA:66,1
DA:67,1
DA:68,1
DA:72,1
DA:74,2
DA:75,2
DA:104,1
DA:111,1
DA:112,1
DA:113,1
DA:114,1
DA:115,1
DA:116,3
DA:120,0
DA:121,0
DA:123,0
DA:126,0
DA:127,0
DA:128,0
DA:129,0
DA:134,1
DA:135,1
DA:138,1
DA:144,2
DA:146,2
DA:149,3
DA:152,3
DA:156,2
DA:157,1
DA:158,2
DA:163,1
DA:164,2
DA:165,2
DA:166,2
DA:167,2
DA:170,1
DA:173,1
DA:174,1
DA:178,3
DA:182,1
DA:183,2
DA:184,1
DA:185,1
DA:186,1
DA:190,1
DA:191,3
DA:208,1
DA:211,3
DA:213,1
DA:214,2
DA:215,4
DA:219,1
DA:220,2
DA:224,0
DA:227,1
DA:228,2
DA:229,4
DA:232,1
DA:233,1
DA:234,3
DA:237,0
DA:240,1
DA:244,2
DA:245,4
DA:248,1
DA:250,2
DA:251,2
DA:256,1
DA:260,1
DA:262,1
DA:264,2
DA:265,2
DA:273,1
DA:276,2
DA:279,1
DA:284,2
DA:287,2
DA:293,2
DA:294,2
DA:302,1
DA:306,1
DA:307,2
DA:308,1
DA:309,1
DA:311,1
LF:104
LH:93
end_of_record
SF:/Users/scheglov/Source/Dart/sdk.git/sdk/pkg/analyzer/lib/src/fine/manifest_id.dart
DA:16,3
DA:21,1
DA:22,3
DA:23,2
DA:24,1
DA:27,1
DA:28,3
DA:31,1
DA:33,1
DA:34,3
DA:36,1
DA:39,1
DA:40,3
DA:41,3
DA:44,0
DA:46,0
DA:49,1
DA:50,2
DA:51,2
DA:54,1
DA:55,3
DA:60,1
DA:61,2
DA:62,1
LF:24
LH:22
end_of_record
SF:/Users/scheglov/Source/Dart/sdk.git/sdk/pkg/analyzer/lib/src/fine/manifest_item.dart
DA:19,1
DA:30,1
DA:35,3
DA:38,1
DA:40,2
DA:42,1
DA:43,1
DA:44,2
DA:45,2
DA:46,2
DA:51,1
DA:52,1
DA:53,1
DA:54,1
DA:55,1
DA:56,1
DA:57,1
DA:58,1
DA:59,1
DA:60,1
DA:64,1
DA:66,1
DA:67,1
DA:83,1
DA:91,1
DA:92,3
DA:97,1
DA:100,0
DA:101,0
DA:106,0
DA:107,0
DA:110,0
DA:111,0
DA:114,0
DA:117,0
DA:118,0
DA:121,1
DA:123,1
DA:124,2
DA:125,2
DA:126,2
DA:134,1
DA:142,1
DA:147,1
DA:149,1
DA:151,1
DA:153,1
DA:154,2
DA:155,2
DA:159,1
DA:160,1
DA:161,1
DA:162,1
DA:163,1
DA:164,1
DA:165,1
DA:169,1
DA:171,1
DA:172,3
DA:173,3
DA:176,1
DA:178,1
DA:179,2
DA:180,2
DA:183,0
DA:185,0
DA:193,1
DA:199,1
DA:201,4
DA:204,1
DA:206,1
DA:207,2
DA:212,0
DA:213,0
DA:214,0
DA:217,0
DA:220,0
DA:222,0
DA:223,0
DA:224,0
DA:225,0
DA:226,0
DA:227,0
DA:228,0
DA:229,0
DA:238,1
DA:245,1
DA:250,1
DA:252,2
DA:253,1
DA:254,2
DA:258,1
DA:259,1
DA:260,1
DA:261,1
DA:262,1
DA:263,1
DA:267,1
DA:269,1
DA:270,3
DA:273,1
DA:275,1
DA:276,2
DA:279,0
DA:281,0
DA:288,1
DA:295,1
DA:300,1
DA:302,1
DA:304,1
DA:306,1
DA:307,4
DA:311,1
DA:312,1
DA:313,1
DA:314,1
DA:315,1
DA:316,1
DA:320,1
DA:322,1
DA:323,5
DA:326,1
DA:328,1
DA:329,2
DA:332,0
DA:334,0
DA:345,1
DA:356,1
DA:358,3
DA:361,1
DA:363,2
DA:364,1
DA:365,3
DA:366,3
DA:367,3
DA:370,1
DA:372,1
DA:373,2
DA:374,2
DA:375,2
DA:386,1
DA:396,1
DA:401,3
DA:402,1
DA:404,2
DA:406,1
DA:407,1
DA:408,2
DA:410,1
DA:411,3
DA:412,1
DA:417,1
DA:418,1
DA:419,1
DA:420,1
DA:421,1
DA:422,1
DA:423,1
DA:424,1
DA:425,1
DA:429,1
DA:431,3
DA:432,1
DA:433,3
DA:434,3
DA:435,3
DA:436,3
DA:440,1
DA:442,1
DA:443,2
DA:444,2
DA:445,2
DA:446,2
DA:449,0
DA:451,0
DA:458,1
DA:460,1
DA:461,2
DA:464,1
DA:465,3
DA:468,1
DA:469,2
DA:472,1
DA:476,1
DA:477,2
DA:495,1
DA:497,1
DA:498,2
DA:501,1
DA:502,2
DA:505,1
DA:506,2
DA:509,1
DA:510,2
DA:519,1
DA:521,1
DA:523,3
DA:526,1
DA:528,2
DA:529,2
DA:536,1
DA:538,1
DA:542,1
DA:544,3
DA:545,1
DA:546,1
DA:550,1
DA:551,1
DA:552,2
DA:553,1
DA:558,1
DA:559,1
DA:560,4
DA:564,3
DA:565,4
DA:573,1
DA:574,4
DA:581,1
DA:591,1
DA:592,2
DA:593,2
DA:595,1
DA:600,3
DA:603,1
DA:605,2
DA:607,1
DA:608,1
DA:609,1
DA:610,2
DA:611,2
DA:612,2
DA:617,1
DA:618,1
DA:619,1
DA:620,1
DA:621,1
DA:622,1
DA:623,1
DA:624,1
DA:625,1
DA:626,1
DA:627,1
DA:631,1
DA:633,1
DA:634,3
DA:637,1
DA:639,1
DA:640,1
DA:641,2
DA:648,1
DA:654,1
DA:659,1
DA:661,2
DA:662,2
DA:666,1
DA:667,1
DA:668,1
DA:669,1
DA:670,1
DA:674,1
DA:676,1
DA:677,3
DA:680,1
DA:682,1
DA:683,1
DA:684,2
DA:692,1
DA:699,1
DA:704,1
DA:706,1
DA:708,1
DA:710,2
DA:711,2
DA:715,1
DA:716,1
DA:717,1
DA:718,1
DA:719,1
DA:720,1
DA:724,1
DA:726,1
DA:727,3
DA:728,3
DA:731,1
DA:733,1
DA:734,1
DA:735,2
DA:736,2
DA:742,1
DA:744,1
DA:745,1
DA:747,1
DA:748,1
DA:749,1
DA:750,1
DA:751,1
DA:752,1
DA:753,1
DA:754,1
DA:755,1
DA:756,1
DA:764,1
DA:770,1
DA:775,1
DA:777,1
DA:779,1
DA:781,4
DA:785,1
DA:786,1
DA:787,1
DA:788,1
DA:789,1
DA:793,1
DA:795,1
DA:796,5
DA:799,1
DA:801,1
DA:802,1
DA:803,2
DA:818,1
DA:819,1
DA:821,2
DA:822,2
DA:826,1
DA:827,1
DA:828,2
DA:829,2
DA:835,1
DA:836,1
DA:837,1
DA:839,1
DA:844,1
DA:845,1
DA:850,1
DA:851,1
DA:852,1
DA:853,1
DA:854,2
DA:862,1
DA:863,1
DA:864,2
DA:866,1
LF:342
LH:312
end_of_record
SF:/Users/scheglov/Source/Dart/sdk.git/sdk/pkg/analyzer/lib/src/fine/manifest_type.dart
DA:17,3
DA:19,2
DA:21,1
DA:23,1
DA:26,1
DA:28,1
DA:36,1
DA:46,0
DA:52,0
DA:54,0
DA:59,1
DA:60,1
DA:61,1
DA:62,1
DA:63,1
DA:67,1
DA:73,0
DA:76,0
DA:77,0
DA:78,0
DA:81,1
DA:82,1
DA:83,3
DA:84,3
DA:85,3
DA:88,1
DA:89,2
DA:90,2
DA:91,2
DA:97,0
DA:102,0
DA:104,0
DA:108,1
DA:111,1
DA:112,1
DA:113,1
DA:117,1
DA:122,0
DA:125,0
DA:126,0
DA:127,0
DA:130,1
DA:131,1
DA:132,3
DA:133,3
DA:136,1
DA:137,2
DA:138,2
DA:148,1
DA:152,3
DA:153,1
DA:155,2
DA:157,4
DA:158,1
DA:159,2
DA:160,1
DA:162,1
DA:164,3
DA:165,1
DA:166,1
DA:167,2
DA:168,1
DA:170,1
DA:171,1
DA:176,1
DA:177,1
DA:178,2
DA:179,1
DA:181,1
DA:182,2
DA:183,1
DA:185,2
DA:186,1
DA:188,1
DA:192,1
DA:200,0
DA:203,0
DA:204,0
DA:205,0
DA:206,0
DA:208,0
DA:209,0
DA:210,0
DA:212,0
DA:215,1
DA:217,1
DA:221,3
DA:222,1
DA:224,1
DA:225,1
DA:230,3
DA:234,1
DA:237,4
DA:238,2
DA:241,2
DA:242,2
DA:243,1
DA:248,4
DA:249,2
DA:252,2
DA:253,2
DA:254,1
DA:260,2
DA:264,3
DA:272,1
DA:274,1
DA:275,1
DA:278,1
DA:279,4
DA:280,2
DA:281,4
DA:282,4
DA:283,2
DA:291,1
DA:295,1
DA:296,2
DA:297,2
DA:298,1
DA:302,1
DA:303,1
DA:304,1
DA:305,2
DA:306,1
DA:308,1
DA:312,1
DA:318,0
DA:321,0
DA:322,0
DA:323,0
DA:324,0
DA:327,1
DA:329,1
DA:333,3
DA:337,5
DA:340,4
DA:341,5
DA:346,3
DA:353,1
DA:355,1
DA:356,2
DA:357,3
DA:358,1
DA:360,2
DA:365,3
DA:367,2
DA:369,1
DA:371,1
DA:374,1
DA:376,1
DA:381,1
DA:382,2
DA:385,1
DA:386,1
DA:387,1
DA:391,1
DA:393,0
DA:396,0
DA:397,0
DA:400,1
DA:402,1
DA:405,3
DA:411,1
DA:413,1
DA:414,2
DA:422,1
DA:426,1
DA:427,1
DA:428,2
DA:429,1
DA:431,1
DA:433,3
DA:434,1
DA:435,1
DA:436,1
DA:440,1
DA:441,1
DA:442,2
DA:443,1
DA:445,2
DA:446,1
DA:448,1
DA:452,1
DA:458,0
DA:461,0
DA:462,0
DA:463,0
DA:464,0
DA:466,0
DA:467,0
DA:468,0
DA:470,0
DA:473,1
DA:475,1
DA:479,5
DA:482,4
DA:483,2
DA:484,3
DA:485,1
DA:490,5
DA:493,4
DA:494,2
DA:495,2
DA:496,1
DA:501,3
DA:508,1
DA:510,1
DA:511,4
DA:512,4
DA:513,2
DA:521,1
DA:525,1
DA:526,1
DA:527,2
DA:531,1
DA:532,1
DA:533,1
DA:534,1
DA:538,1
DA:540,0
DA:543,0
DA:544,0
DA:545,0
DA:548,1
DA:549,6
DA:552,1
DA:553,2
DA:554,2
DA:561,1
DA:567,1
DA:568,1
DA:570,1
DA:571,1
DA:572,1
DA:573,1
DA:574,1
DA:575,1
DA:576,1
DA:577,1
DA:578,1
DA:579,1
DA:580,1
DA:581,1
DA:582,1
DA:583,1
DA:584,1
DA:585,1
DA:589,1
DA:590,3
DA:593,1
DA:594,3
DA:601,1
DA:605,3
DA:608,1
DA:609,2
DA:612,1
DA:614,0
DA:617,0
DA:620,1
DA:621,3
DA:624,1
DA:625,2
DA:628,1
DA:633,3
DA:637,3
DA:638,1
DA:639,1
DA:640,1
DA:648,1
DA:649,3
DA:656,1
DA:660,1
DA:661,2
DA:662,1
DA:666,1
DA:667,1
DA:668,1
DA:669,1
DA:673,1
DA:678,0
DA:681,0
DA:682,0
DA:683,0
DA:686,1
DA:688,1
DA:692,2
DA:693,2
DA:697,3
DA:704,1
DA:706,1
DA:707,2
DA:708,2
DA:713,3
DA:715,2
DA:717,1
DA:719,1
DA:722,1
DA:724,1
DA:740,1
DA:743,1
DA:744,1
DA:745,1
DA:746,1
DA:747,1
DA:748,1
DA:749,1
DA:750,1
DA:751,1
DA:752,1
DA:753,1
DA:754,1
DA:755,1
DA:756,1
DA:757,1
DA:758,1
DA:760,0
DA:766,1
DA:767,1
DA:772,1
DA:773,4
DA:778,1
DA:779,3
DA:782,3
DA:783,3
DA:790,1
DA:791,3
DA:796,1
DA:797,3
DA:802,1
DA:807,1
DA:810,1
DA:811,3
LF:331
LH:280
end_of_record
SF:/Users/scheglov/Source/Dart/sdk.git/sdk/pkg/analyzer/lib/src/fine/requirement_failure.dart
DA:14,1
DA:32,1
DA:44,0
DA:54,1
DA:70,1
DA:82,0
DA:91,1
DA:98,1
DA:107,0
LF:9
LH:6
end_of_record
SF:/Users/scheglov/Source/Dart/sdk.git/sdk/pkg/analyzer/lib/src/summary/idl.dart
DA:59,0
DA:60,0
DA:93,1
DA:94,1
DA:149,0
DA:150,0
DA:291,0
DA:292,0
LF:8
LH:2
end_of_record
SF:/Users/scheglov/Source/Dart/sdk.git/sdk/pkg/analyzer/lib/src/utilities/extensions/file_system.dart
DA:12,1
DA:13,1
DA:17,1
DA:18,2
DA:19,1
DA:29,1
DA:30,1
DA:31,1
DA:38,1
DA:39,2
DA:40,3
DA:41,0
DA:42,0
DA:44,1
DA:48,0
DA:49,0
LF:16
LH:12
end_of_record
SF:/Users/scheglov/Source/Dart/sdk.git/sdk/pkg/analyzer/lib/dart/ast/doc_comment.dart
DA:21,0
DA:23,0
DA:24,0
DA:65,0
DA:78,0
DA:92,1
DA:123,0
DA:153,0
DA:401,0
DA:429,0
DA:433,0
DA:446,0
DA:453,0
DA:455,0
DA:456,0
LF:15
LH:1
end_of_record
SF:/Users/scheglov/Source/Dart/sdk.git/sdk/pkg/analyzer/lib/src/dart/ast/ast.dart
DA:64,1
DA:65,2
DA:68,1
DA:69,2
DA:71,1
DA:72,2
DA:74,1
DA:75,1
DA:77,0
DA:79,0
DA:82,1
DA:83,1
DA:85,1
DA:87,1
DA:90,1
DA:92,2
DA:95,0
DA:97,0
DA:98,0
DA:99,0
DA:133,1
DA:137,1
DA:140,1
DA:142,1
DA:143,2
DA:144,1
DA:146,2
DA:147,2
DA:148,2
DA:150,0
DA:151,0
DA:152,0
DA:158,1
DA:160,1
DA:263,1
DA:274,2
DA:275,2
DA:276,2
DA:277,2
DA:280,1
DA:281,1
DA:283,0
DA:284,0
DA:287,1
DA:288,1
DA:290,1
DA:291,1
DA:293,0
DA:294,0
DA:297,1
DA:299,1
DA:301,1
DA:302,2
DA:307,1
DA:308,1
DA:311,1
DA:313,1
DA:314,1
DA:315,1
DA:316,0
DA:318,2
DA:321,1
DA:322,1
DA:324,0
DA:325,0
DA:328,0
DA:329,0
DA:331,1
DA:332,1
DA:334,0
DA:335,0
DA:338,0
DA:340,0
DA:341,0
DA:342,0
DA:343,0
DA:344,0
DA:345,0
DA:346,0
DA:349,1
DA:350,1
DA:352,1
DA:354,2
DA:355,1
DA:356,1
DA:357,2
DA:408,1
DA:413,2
DA:416,1
DA:417,1
DA:419,1
DA:420,1
DA:422,0
DA:423,0
DA:425,1
DA:428,4
DA:429,0
DA:430,0
DA:433,1
DA:436,1
DA:437,1
DA:439,1
DA:442,1
DA:443,2
DA:444,2
DA:445,2
DA:447,1
DA:448,1
DA:450,1
DA:452,2
DA:463,1
DA:466,1
DA:467,5
DA:473,2
DA:474,1
DA:478,2
DA:507,1
DA:513,2
DA:514,2
DA:517,1
DA:518,2
DA:520,1
DA:521,2
DA:523,1
DA:524,1
DA:526,0
DA:527,0
DA:530,0
DA:533,1
DA:534,1
DA:536,0
DA:537,0
DA:540,0
DA:542,0
DA:543,0
DA:544,0
DA:545,0
DA:547,1
DA:548,1
DA:550,1
DA:552,1
DA:555,1
DA:557,2
DA:558,2
DA:589,1
DA:598,2
DA:599,2
DA:602,1
DA:603,1
DA:605,1
DA:606,1
DA:608,1
DA:609,2
DA:612,1
DA:613,1
DA:615,1
DA:616,1
DA:618,0
DA:619,0
DA:622,0
DA:624,0
DA:625,0
DA:626,0
DA:627,0
DA:628,0
DA:629,0
DA:630,0
DA:632,1
DA:633,1
DA:635,1
DA:637,2
DA:638,1
DA:698,0
DA:708,0
DA:709,0
DA:712,0
DA:713,0
DA:715,0
DA:716,0
DA:718,0
DA:719,0
DA:722,0
DA:723,0
DA:725,0
DA:726,0
DA:728,0
DA:729,0
DA:732,0
DA:734,0
DA:735,0
DA:736,0
DA:737,0
DA:738,0
DA:739,0
DA:740,0
DA:741,0
DA:743,0
DA:744,0
DA:746,0
DA:748,0
DA:749,0
DA:774,0
DA:776,0
DA:777,0
DA:779,0
DA:780,0
DA:782,0
DA:785,0
DA:786,0
DA:788,0
DA:790,0
DA:793,0
DA:795,0
DA:796,0
DA:798,0
DA:799,0
DA:801,0
DA:804,0
DA:809,0
DA:815,0
DA:853,1
DA:859,2
DA:860,2
DA:863,0
DA:864,0
DA:866,0
DA:867,0
DA:869,1
DA:870,1
DA:872,0
DA:873,0
DA:876,0
DA:879,1
DA:880,1
DA:882,0
DA:883,0
DA:886,0
DA:888,0
DA:889,0
DA:890,0
DA:891,0
DA:893,0
DA:894,0
DA:899,1
DA:901,3
DA:902,0
DA:904,1
DA:907,1
DA:908,1
DA:909,1
DA:912,5
DA:913,0
DA:914,0
DA:917,1
DA:923,1
DA:925,1
DA:927,1
DA:929,1
DA:932,1
DA:934,2
DA:935,2
DA:938,0
DA:940,0
DA:952,0
DA:953,0
DA:1051,1
DA:1053,2
DA:1055,1
DA:1056,3
DA:1058,1
DA:1061,1
DA:1063,1
DA:1064,1
DA:1065,5
DA:1071,3
DA:1073,1
DA:1075,1
DA:1076,1
DA:1079,1
DA:1080,1
DA:1082,0
DA:1085,0
DA:1088,0
DA:1093,0
DA:1095,1
DA:1096,1
DA:1099,0
DA:1101,0
DA:1103,1
DA:1108,1
DA:1109,0
DA:1114,1
DA:1117,1
DA:1118,1
DA:1123,1
DA:1125,1
DA:1126,2
DA:1127,1
DA:1130,1
DA:1131,1
DA:1135,1
DA:1136,1
DA:1572,0
DA:1574,0
DA:1575,0
DA:1577,0
DA:1578,0
DA:1580,0
DA:1583,0
DA:1586,0
DA:1588,0
DA:1590,0
DA:1591,0
DA:1593,0
DA:1595,0
DA:1598,0
DA:1643,0
DA:1648,0
DA:1649,0
DA:1652,0
DA:1653,0
DA:1655,0
DA:1656,0
DA:1658,0
DA:1661,0
DA:1663,0
DA:1664,0
DA:1665,0
DA:1666,0
DA:1668,0
DA:1670,0
DA:1673,0
DA:1675,0
DA:1678,0
DA:1680,0
DA:1681,0
DA:1706,0
DA:1710,0
DA:1713,0
DA:1715,0
DA:1718,0
DA:1719,0
DA:1721,0
DA:1722,0
DA:1724,0
DA:1725,0
DA:1728,0
DA:1731,0
DA:1733,0
DA:1734,0
DA:1735,0
DA:1737,0
DA:1738,0
DA:1740,0
DA:1742,0
DA:1745,0
DA:1747,0
DA:1788,1
DA:1794,1
DA:1795,1
DA:1798,1
DA:1799,2
DA:1801,1
DA:1802,2
DA:1804,1
DA:1805,1
DA:1807,0
DA:1808,0
DA:1811,0
DA:1812,0
DA:1814,1
DA:1815,1
DA:1817,0
DA:1818,0
DA:1821,0
DA:1823,0
DA:1824,0
DA:1825,0
DA:1826,0
DA:1828,1
DA:1829,1
DA:1831,1
DA:1833,1
DA:1836,1
DA:1838,2
DA:1839,2
DA:1886,1
DA:1891,2
DA:1894,0
DA:1896,0
DA:1899,0
DA:1902,1
DA:1903,1
DA:1905,0
DA:1906,0
DA:1909,1
DA:1910,2
DA:1912,1
DA:1913,3
DA:1915,1
DA:1916,1
DA:1918,1
DA:1919,3
DA:1921,0
DA:1923,0
DA:1924,0
DA:1925,0
DA:1926,0
DA:1928,1
DA:1929,1
DA:1931,1
DA:1933,1
DA:1935,1
DA:1937,2
DA:1953,1
DA:1958,2
DA:1961,0
DA:1962,0
DA:1964,1
DA:1965,1
DA:1967,1
DA:1968,1
DA:1970,0
DA:1972,0
DA:1973,0
DA:1974,0
DA:1975,0
DA:1977,1
DA:1978,1
DA:1980,1
DA:1982,2
DA:2007,1
DA:2009,1
DA:2010,1
DA:2012,1
DA:2013,1
DA:2015,0
DA:2016,0
DA:2018,0
DA:2020,0
DA:2022,1
DA:2023,1
DA:2025,1
DA:2027,1
DA:2030,1
DA:2081,0
DA:2086,0
DA:2089,0
DA:2090,0
DA:2092,0
DA:2093,0
DA:2095,0
DA:2096,0
DA:2098,0
DA:2099,0
DA:2102,0
DA:2104,0
DA:2105,0
DA:2106,0
DA:2107,0
DA:2109,0
DA:2110,0
DA:2112,0
DA:2114,0
DA:2157,0
DA:2161,0
DA:2162,0
DA:2165,0
DA:2166,0
DA:2168,0
DA:2169,0
DA:2171,0
DA:2172,0
DA:2174,0
DA:2176,0
DA:2179,0
DA:2182,0
DA:2183,0
DA:2185,0
DA:2186,0
DA:2189,0
DA:2191,0
DA:2192,0
DA:2193,0
DA:2195,0
DA:2198,0
DA:2199,0
DA:2201,0
DA:2203,0
DA:2206,0
DA:2208,0
DA:2209,0
DA:2212,0
DA:2242,0
DA:2243,0
DA:2246,0
DA:2247,0
DA:2249,0
DA:2250,0
DA:2252,0
DA:2254,0
DA:2255,0
DA:2256,0
DA:2258,0
DA:2259,0
DA:2261,0
DA:2263,0
DA:2297,0
DA:2302,0
DA:2303,0
DA:2306,0
DA:2307,0
DA:2309,0
DA:2310,0
DA:2312,0
DA:2315,0
DA:2316,0
DA:2318,0
DA:2320,0
DA:2321,0
DA:2322,0
DA:2323,0
DA:2325,0
DA:2326,0
DA:2328,0
DA:2330,0
DA:2333,0
DA:2338,0
DA:2339,0
DA:2340,0
DA:2342,0
DA:2345,0
DA:2346,0
DA:2349,0
DA:2353,0
DA:2355,0
DA:2360,0
DA:2362,0
DA:2363,0
DA:2442,0
DA:2452,0
DA:2457,0
DA:2458,0
DA:2459,0
DA:2460,0
DA:2463,0
DA:2465,0
DA:2468,0
DA:2471,0
DA:2472,0
DA:2474,0
DA:2475,0
DA:2478,0
DA:2479,0
DA:2481,0
DA:2483,0
DA:2486,0
DA:2487,0
DA:2488,0
DA:2491,0
DA:2492,0
DA:2494,0
DA:2495,0
DA:2498,0
DA:2500,0
DA:2503,0
DA:2504,0
DA:2505,0
DA:2508,0
DA:2510,0
DA:2511,0
DA:2512,0
DA:2513,0
DA:2514,0
DA:2515,0
DA:2516,0
DA:2517,0
DA:2518,0
DA:2519,0
DA:2521,0
DA:2522,0
DA:2524,0
DA:2526,0
DA:2527,0
DA:2528,0
DA:2529,0
DA:2560,0
DA:2562,0
DA:2563,0
DA:2565,0
DA:2567,0
DA:2570,0
DA:2571,0
DA:2573,0
DA:2575,0
DA:2577,0
DA:2579,0
DA:2582,0
DA:2591,1
DA:2592,1
DA:2593,2
DA:2594,1
DA:2595,1
DA:2596,1
DA:2597,1
DA:2598,2
DA:2599,1
DA:2600,1
DA:2608,2
DA:2609,2
DA:2613,1
DA:2617,5
DA:2623,0
DA:2624,0
DA:2627,1
DA:2629,3
DA:2633,1
DA:2634,3
DA:2637,1
DA:2639,3
DA:2643,0
DA:2644,0
DA:2653,1
DA:2788,1
DA:2810,2
DA:2811,2
DA:2812,2
DA:2813,2
DA:2814,2
DA:2815,2
DA:2818,1
DA:2819,1
DA:2821,1
DA:2823,1
DA:2824,1
DA:2825,1
DA:2826,1
DA:2827,1
DA:2828,1
DA:2829,1
DA:2830,1
DA:2831,1
DA:2834,1
DA:2836,1
DA:2837,2
DA:2838,2
DA:2839,2
DA:2840,2
DA:2841,2
DA:2842,2
DA:2843,2
DA:2844,2
DA:2845,2
DA:2846,2
DA:2847,2
DA:2848,2
DA:2849,2
DA:2850,2
DA:2851,2
DA:2852,2
DA:2853,2
DA:2855,1
DA:2856,1
DA:2858,1
DA:2860,1
DA:2861,2
DA:2862,2
DA:2863,2
DA:2864,2
DA:2865,1
DA:2866,2
DA:2880,1
DA:2983,1
DA:3005,2
DA:3006,2
DA:3007,2
DA:3008,2
DA:3011,1
DA:3013,1
DA:3014,1
DA:3015,1
DA:3016,1
DA:3017,1
DA:3018,1
DA:3019,1
DA:3020,1
DA:3023,1
DA:3024,1
DA:3026,0
DA:3027,0
DA:3030,1
DA:3031,1
DA:3033,0
DA:3034,0
DA:3037,1
DA:3038,1
DA:3040,0
DA:3041,0
DA:3044,1
DA:3045,1
DA:3047,0
DA:3048,0
DA:3051,0
DA:3053,0
DA:3054,0
DA:3055,0
DA:3056,0
DA:3057,0
DA:3058,0
DA:3059,0
DA:3060,0
DA:3061,0
DA:3062,0
DA:3063,0
DA:3064,0
DA:3065,0
DA:3066,0
DA:3067,0
DA:3068,0
DA:3070,1
DA:3071,1
DA:3073,1
DA:3075,1
DA:3076,1
DA:3077,2
DA:3078,2
DA:3079,2
DA:3113,1
DA:3115,1
DA:3116,1
DA:3188,1
DA:3196,2
DA:3199,1
DA:3200,2
DA:3202,0
DA:3203,0
DA:3205,0
DA:3206,0
DA:3208,0
DA:3210,0
DA:3211,0
DA:3212,0
DA:3214,1
DA:3215,1
DA:3217,1
DA:3219,2
DA:3269,1
DA:3274,2
DA:3277,0
DA:3278,0
DA:3280,0
DA:3281,0
DA:3283,0
DA:3284,0
DA:3286,0
DA:3287,0
DA:3290,0
DA:3292,0
DA:3293,0
DA:3294,0
DA:3296,1
DA:3297,1
DA:3299,1
DA:3301,2
DA:3424,1
DA:3435,2
DA:3436,2
DA:3437,2
DA:3440,1
DA:3441,1
DA:3443,1
DA:3444,1
DA:3446,1
DA:3448,1
DA:3449,2
DA:3450,0
DA:3453,1
DA:3455,1
DA:3458,1
DA:3463,1
DA:3465,1
DA:3466,3
DA:3469,1
DA:3472,1
DA:3473,1
DA:3475,0
DA:3476,0
DA:3479,0
DA:3481,0
DA:3482,0
DA:3485,1
DA:3487,1
DA:3488,2
DA:3489,2
DA:3490,2
DA:3494,1
DA:3495,4
DA:3498,5
DA:3499,2
DA:3500,3
DA:3503,1
DA:3504,1
DA:3506,1
DA:3508,1
DA:3509,1
DA:3510,2
DA:3511,2
DA:3513,0
DA:3514,0
DA:3515,0
DA:3516,0
DA:3517,0
DA:3543,1
DA:3655,1
DA:3664,2
DA:3665,2
DA:3666,2
DA:3669,1
DA:3670,2
DA:3672,1
DA:3673,1
DA:3675,0
DA:3676,0
DA:3679,1
DA:3680,1
DA:3682,0
DA:3683,0
DA:3686,1
DA:3687,2
DA:3689,0
DA:3692,1
DA:3693,1
DA:3695,0
DA:3696,0
DA:3699,0
DA:3701,0
DA:3702,0
DA:3703,0
DA:3704,0
DA:3705,0
DA:3706,0
DA:3708,1
DA:3710,1
DA:3712,1
DA:3714,1
DA:3717,1
DA:3719,2
DA:3720,2
DA:3721,2
DA:3788,0
DA:3799,0
DA:3800,0
DA:3801,0
DA:3804,0
DA:3805,0
DA:3807,0
DA:3808,0
DA:3810,0
DA:3811,0
DA:3813,0
DA:3814,0
DA:3817,0
DA:3818,0
DA:3820,0
DA:3821,0
DA:3824,0
DA:3825,0
DA:3827,0
DA:3828,0
DA:3831,0
DA:3833,0
DA:3834,0
DA:3835,0
DA:3836,0
DA:3837,0
DA:3838,0
DA:3839,0
DA:3840,0
DA:3842,0
DA:3843,0
DA:3845,0
DA:3847,0
DA:3848,0
DA:3849,0
DA:3857,1
DA:3858,2
DA:3861,0
DA:3862,0
DA:3903,0
DA:3907,0
DA:3910,0
DA:3911,0
DA:3913,0
DA:3914,0
DA:3916,0
DA:3917,0
DA:3919,0
DA:3920,0
DA:3923,0
DA:3926,0
DA:3928,0
DA:3929,0
DA:3930,0
DA:3932,0
DA:3933,0
DA:3935,0
DA:3938,0
DA:3939,0
DA:3942,0
DA:3947,0
DA:3948,0
DA:3951,0
DA:3953,0
DA:3954,0
DA:3958,0
DA:3960,0
DA:4098,1
DA:4117,2
DA:4118,2
DA:4119,2
DA:4120,2
DA:4121,2
DA:4124,1
DA:4125,1
DA:4127,0
DA:4128,0
DA:4131,1
DA:4133,2
DA:4136,1
DA:4138,1
DA:4139,1
DA:4140,1
DA:4141,1
DA:4142,1
DA:4144,2
DA:4147,1
DA:4148,1
DA:4155,0
DA:4156,0
DA:4157,0
DA:4158,0
DA:4159,0
DA:4160,0
DA:4162,1
DA:4163,1
DA:4165,0
DA:4166,0
DA:4169,1
DA:4170,1
DA:4172,0
DA:4173,0
DA:4178,1
DA:4179,1
DA:4181,0
DA:4182,0
DA:4185,0
DA:4187,0
DA:4188,0
DA:4189,0
DA:4190,0
DA:4191,0
DA:4192,0
DA:4193,0
DA:4194,0
DA:4195,0
DA:4196,0
DA:4197,0
DA:4198,0
DA:4199,0
DA:4201,1
DA:4203,1
DA:4205,1
DA:4207,1
DA:4208,2
DA:4209,2
DA:4210,2
DA:4211,2
DA:4212,2
DA:4260,1
DA:4268,2
DA:4269,2
DA:4272,1
DA:4274,1
DA:4277,2
DA:4280,1
DA:4281,2
DA:4283,1
DA:4284,1
DA:4286,1
DA:4287,2
DA:4290,1
DA:4291,1
DA:4293,0
DA:4294,0
DA:4297,0
DA:4299,0
DA:4300,0
DA:4301,0
DA:4302,0
DA:4303,0
DA:4304,0
DA:4306,1
DA:4308,1
DA:4310,1
DA:4312,2
DA:4313,2
DA:4363,1
DA:4369,2
DA:4370,2
DA:4373,1
DA:4374,2
DA:4376,1
DA:4378,1
DA:4379,1
DA:4381,2
DA:4384,1
DA:4385,1
DA:4387,0
DA:4388,0
DA:4391,1
DA:4392,1
DA:4394,0
DA:4395,0
DA:4398,0
DA:4400,0
DA:4401,0
DA:4402,0
DA:4403,0
DA:4405,1
DA:4406,1
DA:4408,1
DA:4410,2
DA:4411,2
DA:4433,0
DA:4435,0
DA:4438,0
DA:4439,0
DA:4441,0
DA:4442,0
DA:4444,0
DA:4445,0
DA:4448,0
DA:4449,0
DA:4451,0
DA:4454,0
DA:4456,0
DA:4458,0
DA:4460,0
DA:4462,0
DA:4464,0
DA:4467,0
DA:4469,0
DA:4506,0
DA:4507,0
DA:4510,0
DA:4511,0
DA:4513,0
DA:4514,0
DA:4516,0
DA:4518,0
DA:4519,0
DA:4520,0
DA:4522,0
DA:4524,0
DA:4527,0
DA:4575,0
DA:4580,0
DA:4583,0
DA:4584,0
DA:4586,0
DA:4587,0
DA:4589,0
DA:4590,0
DA:4592,0
DA:4593,0
DA:4596,0
DA:4598,0
DA:4599,0
DA:4600,0
DA:4601,0
DA:4603,0
DA:4604,0
DA:4606,0
DA:4608,0
DA:4659,0
DA:4661,0
DA:4662,0
DA:4663,0
DA:4664,0
DA:4665,0
DA:4666,0
DA:4667,0
DA:4669,0
DA:4671,0
DA:4673,0
DA:4675,0
DA:4677,0
DA:4685,0
DA:4689,0
DA:4722,1
DA:4783,0
DA:4790,0
DA:4793,0
DA:4796,0
DA:4799,0
DA:4800,0
DA:4802,0
DA:4804,0
DA:4807,0
DA:4808,0
DA:4810,0
DA:4811,0
DA:4813,0
DA:4814,0
DA:4816,0
DA:4817,0
DA:4820,0
DA:4822,0
DA:4823,0
DA:4824,0
DA:4825,0
DA:4827,0
DA:4828,0
DA:4830,0
DA:4832,0
DA:4833,0
DA:4873,0
DA:4878,0
DA:4881,0
DA:4882,0
DA:4884,0
DA:4887,0
DA:4890,0
DA:4891,0
DA:4894,0
DA:4895,0
DA:4896,0
DA:4902,0
DA:4905,0
DA:4907,0
DA:4908,0
DA:4909,0
DA:4910,0
DA:4912,0
DA:4914,0
DA:4916,0
DA:4919,0
DA:4920,0
DA:4922,0
DA:4925,0
DA:4930,0
DA:4931,0
DA:4934,0
DA:4935,0
DA:4936,0
DA:4938,0
DA:4940,0
DA:4943,0
DA:4944,0
DA:4946,0
DA:4951,0
DA:4953,0
DA:4997,1
DA:5004,2
DA:5005,2
DA:5008,1
DA:5009,2
DA:5011,0
DA:5014,1
DA:5017,2
DA:5019,1
DA:5020,1
DA:5022,0
DA:5023,0
DA:5026,1
DA:5028,1
DA:5029,1
DA:5031,2
DA:5034,0
DA:5035,0
DA:5037,0
DA:5038,0
DA:5040,0
DA:5041,0
DA:5043,1
DA:5044,2
DA:5046,1
DA:5047,2
DA:5049,1
DA:5050,1
DA:5052,0
DA:5053,0
DA:5056,0
DA:5059,0
DA:5061,0
DA:5062,0
DA:5063,0
DA:5064,0
DA:5066,1
DA:5068,1
DA:5070,1
DA:5072,2
DA:5073,2
DA:5095,1
DA:5147,0
DA:5157,0
DA:5158,0
DA:5161,0
DA:5162,0
DA:5164,0
DA:5165,0
DA:5167,0
DA:5168,0
DA:5171,0
DA:5172,0
DA:5174,0
DA:5175,0
DA:5178,0
DA:5179,0
DA:5181,0
DA:5183,0
DA:5184,0
DA:5185,0
DA:5186,0
DA:5187,0
DA:5188,0
DA:5189,0
DA:5190,0
DA:5192,0
DA:5193,0
DA:5195,0
DA:5197,0
DA:5198,0
DA:5248,0
DA:5255,0
DA:5258,0
DA:5259,0
DA:5261,0
DA:5262,0
DA:5264,0
DA:5265,0
DA:5268,0
DA:5269,0
DA:5271,0
DA:5272,0
DA:5274,0
DA:5276,0
DA:5279,0
DA:5282,0
DA:5284,0
DA:5285,0
DA:5286,0
DA:5287,0
DA:5288,0
DA:5289,0
DA:5291,0
DA:5293,0
DA:5295,0
DA:5297,0
DA:5303,0
DA:5305,0
DA:5306,0
DA:5307,0
DA:5337,0
DA:5343,0
DA:5346,0
DA:5347,0
DA:5349,0
DA:5350,0
DA:5352,0
DA:5353,0
DA:5355,0
DA:5356,0
DA:5358,0
DA:5359,0
DA:5362,0
DA:5365,0
DA:5367,0
DA:5368,0
DA:5369,0
DA:5370,0
DA:5371,0
DA:5373,0
DA:5375,0
DA:5377,0
DA:5379,0
DA:5382,0
DA:5384,0
DA:5385,0
DA:5386,0
DA:5422,0
DA:5426,0
DA:5429,0
DA:5430,0
DA:5432,0
DA:5433,0
DA:5435,0
DA:5438,0
DA:5439,0
DA:5441,0
DA:5442,0
DA:5445,0
DA:5447,0
DA:5448,0
DA:5449,0
DA:5451,0
DA:5453,0
DA:5455,0
DA:5457,0
DA:5460,0
DA:5462,0
DA:5482,0
DA:5483,0
DA:5486,0
DA:5487,0
DA:5489,0
DA:5490,0
DA:5492,0
DA:5493,0
DA:5495,0
DA:5498,0
DA:5500,0
DA:5501,0
DA:5503,0
DA:5505,0
DA:5534,1
DA:5536,1
DA:5537,1
DA:5539,1
DA:5540,1
DA:5542,0
DA:5544,0
DA:5546,1
DA:5547,1
DA:5549,1
DA:5551,1
DA:5554,1
DA:5579,1
DA:5581,1
DA:5582,1
DA:5584,1
DA:5585,1
DA:5587,0
DA:5589,0
DA:5591,1
DA:5592,1
DA:5594,1
DA:5596,1
DA:5598,1
DA:5619,0
DA:5621,0
DA:5622,0
DA:5624,0
DA:5625,0
DA:5627,0
DA:5628,0
DA:5630,0
DA:5632,0
DA:5634,0
DA:5635,0
DA:5637,0
DA:5673,0
DA:5678,0
DA:5679,0
DA:5680,0
DA:5683,0
DA:5685,0
DA:5687,0
DA:5688,0
DA:5690,0
DA:5692,0
DA:5693,0
DA:5694,0
DA:5695,0
DA:5697,0
DA:5699,0
DA:5702,0
DA:5704,0
DA:5705,0
DA:5706,0
DA:5758,1
DA:5765,2
DA:5768,1
DA:5769,2
DA:5771,1
DA:5772,2
DA:5774,0
DA:5776,0
DA:5777,0
DA:5778,0
DA:5779,0
DA:5781,1
DA:5783,1
DA:5785,1
DA:5787,1
DA:5788,1
DA:5876,1
DA:5893,2
DA:5894,2
DA:5895,2
DA:5896,2
DA:5897,2
DA:5900,1
DA:5901,1
DA:5903,1
[...]
DA:52,0
DA:53,1
DA:54,0
DA:55,1
DA:56,0
DA:57,0
DA:60,0
DA:63,1
DA:64,0
DA:69,0
DA:74,0
DA:75,0
DA:76,0
DA:77,0
DA:80,0
DA:83,0
DA:86,0
DA:89,1
DA:92,1
DA:96,2
DA:99,2
DA:102,0
DA:105,0
LF:35
LH:15
end_of_record
SF:/Users/scheglov/Source/Dart/sdk.git/sdk/pkg/analyzer/lib/src/generated/utilities_collection_native.dart
DA:14,1
DA:15,1
DA:16,1
DA:18,1
DA:19,2
DA:23,1
DA:24,1
DA:25,1
DA:27,1
DA:29,2
DA:31,3
DA:36,1
DA:37,2
DA:38,0
LF:14
LH:13
end_of_record
SF:/Users/scheglov/Source/Dart/sdk.git/sdk/pkg/analyzer/lib/src/test_utilities/find_element2.dart
DA:16,1
DA:18,1
DA:19,2
DA:21,0
DA:24,0
DA:25,0
DA:26,0
DA:28,0
DA:37,0
DA:40,0
DA:41,0
DA:44,0
DA:45,0
DA:46,0
DA:50,0
DA:53,0
DA:59,0
DA:60,0
DA:61,0
DA:62,0
DA:66,0
DA:75,0
DA:78,0
DA:79,0
DA:80,0
DA:83,0
DA:86,0
DA:87,0
DA:89,0
DA:95,0
DA:96,0
DA:97,0
DA:98,0
DA:104,0
DA:109,0
DA:112,0
DA:113,0
DA:114,0
DA:115,0
DA:116,0
DA:118,0
DA:127,0
DA:132,0
DA:135,0
DA:136,0
DA:138,0
DA:144,0
DA:145,0
DA:146,0
DA:147,0
DA:149,0
DA:150,0
DA:152,0
DA:153,0
DA:155,0
DA:156,0
DA:162,0
DA:167,0
DA:171,0
DA:172,0
DA:173,0
DA:175,0
DA:182,0
DA:183,0
DA:184,0
DA:188,0
DA:189,0
DA:190,0
DA:191,0
DA:192,0
DA:193,0
DA:197,0
DA:198,0
DA:199,0
DA:201,0
DA:202,0
DA:203,0
DA:204,0
DA:206,0
DA:207,0
DA:208,0
DA:209,0
DA:212,0
DA:213,0
DA:214,0
DA:215,0
DA:219,0
DA:220,0
DA:221,0
DA:223,0
DA:224,0
DA:233,0
DA:236,0
DA:239,0
DA:240,0
DA:241,0
DA:242,0
DA:243,0
DA:245,0
DA:255,0
DA:258,0
DA:259,0
DA:260,0
DA:263,0
DA:264,0
DA:265,0
DA:266,0
DA:271,0
DA:274,0
DA:277,0
DA:278,0
DA:279,0
DA:280,0
DA:281,0
DA:283,0
DA:294,0
DA:302,0
DA:304,0
DA:306,0
DA:308,0
DA:311,0
DA:318,0
DA:322,3
DA:326,0
DA:327,0
DA:328,0
DA:332,0
DA:335,0
DA:336,0
DA:337,0
DA:341,0
DA:342,0
DA:346,0
DA:349,0
DA:350,0
DA:354,0
DA:355,0
DA:356,0
DA:358,0
DA:365,0
DA:366,0
DA:367,0
DA:371,0
DA:372,0
DA:373,0
DA:377,0
DA:378,0
DA:379,0
DA:386,0
DA:389,0
DA:390,0
DA:391,0
DA:395,0
DA:398,0
DA:399,0
DA:400,0
DA:404,0
DA:407,0
DA:408,0
DA:409,0
DA:413,0
DA:416,0
DA:417,0
DA:419,0
DA:420,0
DA:424,0
DA:425,0
DA:427,0
DA:428,0
DA:432,0
DA:433,0
DA:435,0
DA:436,0
DA:440,0
DA:441,0
DA:442,0
DA:446,0
DA:449,0
DA:452,0
DA:453,0
DA:454,0
DA:455,0
DA:457,0
DA:468,0
DA:471,0
DA:472,0
DA:474,0
DA:475,0
DA:479,0
DA:480,0
DA:481,0
DA:485,0
DA:488,0
DA:489,0
DA:492,0
DA:493,0
DA:496,1
DA:497,3
DA:498,2
DA:502,0
DA:505,0
DA:506,0
DA:507,0
DA:511,0
DA:514,0
DA:515,0
DA:518,0
DA:519,0
DA:521,0
DA:525,0
DA:526,0
DA:527,0
DA:531,0
DA:534,0
DA:539,0
DA:540,0
DA:543,0
DA:544,0
DA:545,0
DA:546,0
DA:547,0
DA:551,0
DA:552,0
DA:553,0
DA:554,0
DA:556,0
DA:561,0
DA:562,0
DA:564,0
DA:570,0
DA:571,0
DA:572,0
DA:581,0
DA:582,0
DA:583,0
DA:587,0
DA:590,0
DA:591,0
DA:592,0
DA:593,0
DA:597,0
LF:241
LH:7
end_of_record
SF:/Users/scheglov/Source/Dart/sdk.git/sdk/pkg/analyzer/lib/src/test_utilities/find_node.dart
DA:15,1
DA:17,0
DA:18,0
DA:19,0
DA:23,0
DA:25,0
DA:27,0
DA:29,0
DA:31,0
DA:33,0
DA:35,0
DA:37,0
DA:39,0
DA:41,0
DA:43,0
DA:45,0
DA:47,0
DA:49,0
DA:51,0
DA:53,0
DA:55,0
DA:56,0
DA:58,0
DA:59,0
DA:61,0
DA:63,0
DA:65,0
DA:67,0
DA:69,0
DA:71,0
DA:73,0
DA:75,0
DA:77,0
DA:79,0
DA:81,0
DA:83,0
DA:85,0
DA:87,0
DA:89,0
DA:91,0
DA:92,0
DA:94,0
DA:95,0
DA:97,0
DA:99,0
DA:101,0
DA:102,0
DA:104,0
DA:106,0
DA:108,0
DA:110,0
DA:112,0
DA:114,0
DA:116,0
DA:118,0
DA:120,0
DA:122,0
DA:124,0
DA:126,0
DA:128,0
DA:130,0
DA:132,0
DA:134,0
DA:136,0
DA:138,0
DA:140,0
DA:142,0
DA:144,0
DA:146,0
DA:148,0
DA:150,0
DA:152,0
DA:153,0
DA:155,0
DA:157,0
DA:159,0
DA:161,0
DA:163,0
DA:165,0
DA:166,0
DA:168,0
DA:169,0
DA:171,0
DA:173,0
DA:175,0
DA:177,0
DA:179,0
DA:181,0
DA:183,0
DA:185,0
DA:187,0
DA:189,0
DA:191,0
DA:192,0
DA:194,0
DA:196,0
DA:198,0
DA:199,0
DA:201,0
DA:203,0
DA:205,0
DA:206,0
DA:209,0
DA:210,0
DA:213,0
DA:214,0
DA:217,0
DA:218,0
DA:221,0
DA:222,0
DA:225,0
DA:226,0
DA:229,0
DA:230,0
DA:233,0
DA:234,0
DA:237,0
DA:238,0
DA:241,0
DA:242,0
DA:245,0
DA:246,0
DA:249,0
DA:250,0
DA:251,0
DA:254,0
DA:255,0
DA:258,0
DA:259,0
DA:262,0
DA:263,0
DA:266,0
DA:267,0
DA:270,0
DA:271,0
DA:274,0
DA:275,0
DA:278,0
DA:279,0
DA:282,0
DA:283,0
DA:286,0
DA:287,0
DA:290,0
DA:291,0
DA:294,0
DA:295,0
DA:298,0
DA:299,0
DA:302,0
DA:303,0
DA:306,0
DA:307,0
DA:310,0
DA:311,0
DA:314,0
DA:315,0
DA:318,0
DA:319,0
DA:322,0
DA:323,0
DA:326,0
DA:327,0
DA:330,0
DA:331,0
DA:334,0
DA:335,0
DA:338,0
DA:339,0
DA:342,0
DA:343,0
DA:346,0
DA:347,0
DA:350,0
DA:351,0
DA:354,0
DA:355,0
DA:358,0
DA:359,0
DA:362,0
DA:363,0
DA:366,0
DA:367,0
DA:370,0
DA:371,0
DA:374,0
DA:375,0
DA:378,0
DA:379,0
DA:382,0
DA:383,0
DA:386,0
DA:387,0
DA:390,0
DA:391,0
DA:394,0
DA:395,0
DA:398,0
DA:399,0
DA:402,0
DA:403,0
DA:406,0
DA:407,0
DA:410,0
DA:411,0
DA:414,0
DA:415,0
DA:418,0
DA:419,0
DA:422,0
DA:423,0
DA:426,0
DA:427,0
DA:430,0
DA:431,0
DA:434,0
DA:435,0
DA:438,0
DA:439,0
DA:442,0
DA:443,0
DA:446,0
DA:447,0
DA:450,0
DA:453,0
DA:454,0
DA:456,0
DA:461,0
DA:462,0
DA:465,0
DA:466,0
DA:469,0
DA:470,0
DA:473,0
DA:474,0
DA:477,0
DA:478,0
DA:481,0
DA:482,0
DA:485,0
DA:486,0
DA:489,0
DA:490,0
DA:493,0
DA:494,0
DA:497,0
DA:498,0
DA:501,0
DA:502,0
DA:505,0
DA:506,0
DA:509,0
DA:510,0
DA:513,0
DA:514,0
DA:517,0
DA:518,0
DA:521,0
DA:522,0
DA:525,0
DA:526,0
DA:529,0
DA:530,0
DA:533,0
DA:534,0
DA:537,0
DA:538,0
DA:541,0
DA:542,0
DA:545,0
DA:546,0
DA:549,0
DA:550,0
DA:553,0
DA:554,0
DA:557,0
DA:558,0
DA:561,0
DA:562,0
DA:565,0
DA:566,0
DA:569,0
DA:570,0
DA:573,0
DA:574,0
DA:577,0
DA:578,0
DA:581,0
DA:582,0
DA:585,0
DA:586,0
DA:589,0
DA:590,0
DA:593,0
DA:594,0
DA:597,0
DA:598,0
DA:601,0
DA:602,0
DA:605,0
DA:606,0
DA:609,0
DA:610,0
DA:613,0
DA:614,0
DA:617,0
DA:618,0
DA:621,0
DA:622,0
DA:625,0
DA:626,0
DA:629,0
DA:630,0
DA:633,0
DA:634,0
DA:637,0
DA:638,0
DA:641,0
DA:642,0
DA:645,0
DA:646,0
DA:649,0
DA:650,0
DA:653,0
DA:654,0
DA:657,0
DA:658,0
DA:663,1
DA:664,2
DA:665,3
DA:666,0
DA:668,1
DA:669,0
DA:674,0
DA:675,0
DA:678,0
DA:679,0
DA:682,0
DA:683,0
DA:686,0
DA:687,0
DA:690,0
DA:691,0
DA:694,0
DA:695,0
DA:698,0
DA:699,0
DA:702,0
DA:703,0
DA:706,0
DA:709,0
DA:712,0
DA:713,0
DA:716,0
DA:717,0
DA:720,0
DA:721,0
DA:724,0
DA:725,0
DA:728,0
DA:729,0
DA:732,0
DA:733,0
DA:736,0
DA:737,0
DA:740,0
DA:743,0
DA:746,0
DA:747,0
DA:750,0
DA:751,0
DA:754,0
DA:755,0
DA:758,0
DA:759,0
DA:762,0
DA:763,0
DA:766,1
DA:767,2
DA:770,0
DA:771,0
DA:774,0
DA:775,0
DA:778,0
DA:779,0
DA:782,0
DA:783,0
DA:786,0
DA:787,0
DA:790,0
DA:791,0
DA:794,0
DA:795,0
DA:798,0
DA:799,0
DA:802,0
DA:803,0
DA:806,0
DA:807,0
DA:810,0
DA:811,0
DA:814,0
DA:815,0
DA:818,0
DA:819,0
DA:822,0
DA:823,0
DA:826,0
DA:827,0
DA:830,0
DA:831,0
DA:834,0
DA:835,0
DA:838,0
DA:839,0
DA:842,0
DA:843,0
DA:846,0
DA:847,0
DA:850,0
DA:851,0
DA:852,0
DA:853,0
DA:854,0
DA:860,0
DA:863,0
DA:864,0
DA:867,0
DA:868,0
DA:871,0
DA:872,0
DA:875,0
DA:876,0
DA:879,0
DA:880,0
DA:883,0
DA:884,0
DA:887,0
DA:888,0
DA:891,0
DA:892,0
DA:895,0
DA:896,0
DA:899,0
DA:900,0
DA:903,0
DA:904,0
DA:907,0
DA:908,0
DA:911,0
DA:912,0
DA:915,0
DA:916,0
DA:919,0
DA:920,0
DA:928,1
DA:933,2
DA:935,3
DA:937,0
DA:938,0
DA:942,1
DA:944,0
DA:945,0
DA:953,0
DA:954,0
DA:955,0
DA:956,0
DA:964,0
DA:966,0
DA:967,0
DA:969,0
LF:471
LH:11
end_of_record
SF:/Users/scheglov/Source/Dart/sdk.git/sdk/pkg/analyzer/lib/src/test_utilities/function_ast_visitor.dart
DA:35,0
DA:60,0
DA:62,0
DA:63,0
DA:66,0
DA:68,0
DA:69,0
DA:72,0
DA:74,0
DA:75,0
DA:77,0
DA:80,0
DA:82,0
DA:83,0
DA:86,0
DA:88,0
DA:89,0
DA:91,0
DA:94,0
DA:96,0
DA:97,0
DA:99,0
DA:102,0
DA:104,0
DA:105,0
DA:107,0
DA:110,0
DA:112,0
DA:114,0
DA:115,0
DA:116,0
DA:118,0
DA:121,0
DA:123,0
DA:124,0
DA:127,0
DA:129,0
DA:130,0
DA:133,0
DA:135,0
DA:136,0
DA:139,0
DA:141,0
DA:142,0
DA:144,0
DA:147,0
DA:149,0
DA:150,0
DA:152,0
DA:155,0
DA:157,0
DA:158,0
DA:161,0
DA:163,0
DA:164,0
DA:167,0
DA:171,0
DA:172,0
DA:175,0
DA:177,0
DA:178,0
DA:180,0
DA:183,0
DA:185,0
DA:186,0
DA:189,0
DA:191,0
DA:192,0
DA:195,0
DA:197,0
DA:198,0
DA:201,0
DA:203,0
DA:204,0
DA:207,0
DA:209,0
DA:210,0
DA:212,0
LF:78
LH:0
end_of_record
SF:/Users/scheglov/Source/Dart/sdk.git/sdk/pkg/analyzer/lib/dart/sdk/build_sdk_summary.dart
DA:23,0
DA:28,0
DA:30,0
DA:35,0
DA:36,0
DA:37,0
DA:38,0
DA:39,0
DA:40,0
DA:41,0
DA:42,0
DA:43,0
DA:44,0
DA:49,0
DA:50,0
DA:51,0
DA:52,0
DA:53,0
DA:58,0
DA:60,0
DA:62,0
DA:64,0
DA:65,0
DA:67,0
DA:68,0
DA:69,0
DA:70,0
LF:27
LH:0
end_of_record
SF:/Users/scheglov/Source/Dart/sdk.git/sdk/pkg/analyzer/lib/src/test_utilities/mock_sdk.dart
DA:12,4
DA:13,1
DA:80,1
DA:120,4
DA:121,1
DA:128,4
DA:129,1
DA:227,4
DA:228,1
DA:255,4
DA:256,1
DA:718,4
DA:719,1
DA:1084,4
DA:1085,1
DA:1287,4
DA:1288,1
DA:1293,4
DA:1294,1
DA:1321,4
DA:1322,1
DA:1422,4
DA:1423,1
DA:1447,4
DA:1448,1
DA:1455,4
DA:1456,1
DA:1472,4
DA:1473,1
DA:1520,4
DA:1521,1
DA:1546,4
DA:1547,1
DA:1568,4
DA:1569,1
DA:1572,3
DA:1573,1
DA:1574,1
DA:1575,1
DA:1576,1
DA:1577,1
DA:1578,1
DA:1579,1
DA:1580,1
DA:1581,1
DA:1582,1
DA:1583,1
DA:1584,1
DA:1585,1
DA:1586,1
DA:1587,1
DA:1588,1
DA:1589,1
DA:1596,1
DA:1601,1
DA:1602,1
DA:1604,1
DA:1605,3
DA:1606,2
DA:1608,1
DA:1609,1
DA:1611,4
DA:1612,2
DA:1613,2
DA:1614,2
DA:1616,2
DA:1617,2
DA:1618,1
DA:1622,1
DA:1624,1
DA:1625,2
DA:1628,1
DA:1629,1
DA:1630,2
DA:1632,1
DA:1633,1
DA:1635,1
DA:1636,1
DA:1638,1
DA:1648,1
DA:1650,0
DA:1651,0
DA:1653,0
DA:1654,0
DA:1656,0
DA:1657,0
DA:1659,0
DA:1660,0
DA:1662,0
DA:1663,0
DA:1665,0
DA:1666,0
DA:1668,0
DA:1669,0
DA:1671,1
DA:1672,3
DA:1674,0
DA:1675,0
DA:1682,1
LF:99
LH:83
end_of_record
SF:/Users/scheglov/Source/Dart/sdk.git/sdk/pkg/analyzer/lib/src/dart/micro/resolve_file.dart
DA:53,0
DA:59,0
DA:61,0
DA:63,0
DA:64,0
DA:67,0
DA:70,0
DA:71,0
DA:73,0
DA:74,0
DA:76,0
DA:79,0
DA:80,0
DA:85,0
DA:86,0
DA:98,0
DA:103,0
DA:105,0
DA:106,0
DA:115,0
DA:117,0
DA:119,0
DA:120,0
DA:121,0
DA:122,0
DA:129,0
DA:131,0
DA:133,0
DA:134,0
DA:135,0
DA:136,0
DA:137,0
DA:140,0
DA:142,0
DA:150,0
DA:199,0
DA:202,0
DA:218,0
DA:219,0
DA:224,0
DA:228,0
DA:229,0
DA:233,0
DA:234,0
DA:239,0
DA:241,0
DA:246,0
DA:247,0
DA:248,0
DA:249,0
DA:254,0
DA:258,0
DA:259,0
DA:261,0
DA:265,0
DA:266,0
DA:267,0
DA:268,0
DA:269,0
DA:270,0
DA:271,0
DA:272,0
DA:273,0
DA:276,0
DA:277,0
DA:278,0
DA:279,0
DA:280,0
DA:283,0
DA:290,0
DA:292,0
DA:293,0
DA:294,0
DA:295,0
DA:298,0
DA:299,0
DA:301,0
DA:302,0
DA:304,0
DA:305,0
DA:307,0
DA:313,0
DA:317,0
DA:319,0
DA:321,0
DA:322,0
DA:323,0
DA:324,0
DA:326,0
DA:327,0
DA:328,0
DA:329,0
DA:332,0
DA:334,0
DA:336,0
DA:337,0
DA:338,0
DA:340,0
DA:341,0
DA:343,0
DA:345,0
DA:346,0
DA:347,0
DA:351,0
DA:352,0
DA:353,0
DA:354,0
DA:355,0
DA:356,0
DA:357,0
DA:358,0
DA:360,0
DA:365,0
DA:369,0
DA:370,0
DA:371,0
DA:374,0
DA:375,0
DA:378,0
DA:379,0
DA:382,0
DA:387,0
DA:388,0
DA:392,0
DA:395,0
DA:399,0
DA:401,0
DA:402,0
DA:405,0
DA:408,0
DA:409,0
DA:411,0
DA:412,0
DA:413,0
DA:416,0
DA:417,0
DA:418,0
DA:421,0
DA:424,0
DA:425,0
DA:427,0
DA:430,0
DA:431,0
DA:453,0
DA:454,0
DA:456,0
DA:458,0
DA:459,0
DA:460,0
DA:463,0
DA:467,0
DA:470,0
DA:473,0
DA:474,0
DA:479,0
DA:480,0
DA:481,0
DA:482,0
DA:490,0
DA:491,0
DA:492,0
DA:493,0
DA:495,0
DA:496,0
DA:499,0
DA:503,0
DA:505,0
DA:507,0
DA:508,0
DA:509,0
DA:511,0
DA:512,0
DA:514,0
DA:515,0
DA:518,0
DA:519,0
DA:520,0
DA:523,0
DA:524,0
DA:525,0
DA:533,0
DA:539,0
DA:541,0
DA:543,0
DA:544,0
DA:545,0
DA:546,0
DA:548,0
DA:549,0
DA:551,0
DA:556,0
DA:558,0
DA:559,0
DA:560,0
DA:562,0
DA:564,0
DA:565,0
DA:566,0
DA:569,0
DA:570,0
DA:571,0
DA:573,0
DA:575,0
DA:578,0
DA:580,0
DA:581,0
DA:589,0
DA:591,0
DA:593,0
DA:594,0
DA:595,0
DA:596,0
DA:597,0
DA:599,0
DA:605,0
DA:609,0
DA:611,0
DA:613,0
DA:618,0
DA:619,0
DA:620,0
DA:621,0
DA:623,0
DA:628,0
DA:632,0
DA:633,0
DA:634,0
DA:637,0
DA:638,0
DA:639,0
DA:642,0
DA:643,0
DA:644,0
DA:646,0
DA:648,0
DA:652,0
DA:653,0
DA:658,0
DA:659,0
DA:660,0
DA:661,0
DA:663,0
DA:664,0
DA:666,0
DA:668,0
DA:669,0
DA:670,0
DA:671,0
DA:675,0
DA:681,0
DA:682,0
DA:697,0
DA:700,0
DA:702,0
DA:703,0
DA:708,0
DA:709,0
DA:710,0
DA:711,0
DA:712,0
DA:713,0
DA:715,0
DA:716,0
DA:717,0
DA:718,0
DA:719,0
DA:722,0
DA:723,0
DA:724,0
DA:726,0
DA:727,0
DA:728,0
DA:729,0
DA:730,0
DA:732,0
DA:733,0
DA:734,0
DA:735,0
DA:737,0
DA:738,0
DA:739,0
DA:740,0
DA:741,0
DA:745,0
DA:746,0
DA:747,0
DA:748,0
DA:750,0
DA:753,0
DA:755,0
DA:758,0
DA:759,0
DA:760,0
DA:763,0
DA:764,0
DA:766,0
DA:767,0
DA:768,0
DA:769,0
DA:770,0
DA:772,0
DA:773,0
DA:776,0
DA:777,0
DA:789,0
DA:795,0
DA:797,0
DA:798,0
DA:802,0
DA:803,0
DA:804,0
DA:809,0
DA:811,0
DA:812,0
DA:816,0
DA:817,0
DA:819,0
DA:823,0
DA:831,0
DA:832,0
DA:834,0
DA:835,0
DA:843,0
DA:844,0
DA:845,0
DA:848,0
DA:852,0
DA:858,0
DA:862,0
DA:863,0
DA:868,0
DA:869,0
DA:870,0
DA:871,0
DA:881,0
DA:884,0
DA:885,0
DA:886,0
DA:887,0
DA:888,0
DA:889,0
DA:890,0
DA:893,0
DA:894,0
DA:896,0
DA:897,0
DA:898,0
DA:899,0
DA:900,0
DA:904,0
DA:905,0
DA:910,0
DA:911,0
DA:912,0
DA:913,0
DA:930,0
DA:931,0
DA:939,0
LF:358
LH:0
end_of_record
SF:/Users/scheglov/Source/Dart/sdk.git/sdk/pkg/analyzer/lib/src/clients/build_resolvers/build_resolvers.dart
DA:41,0
DA:50,0
DA:51,0
DA:53,0
DA:55,0
DA:56,0
DA:58,0
DA:59,0
DA:60,0
DA:62,0
DA:63,0
DA:76,0
DA:78,0
DA:86,0
DA:88,0
DA:89,0
DA:93,0
DA:94,0
DA:99,0
DA:100,0
DA:111,0
DA:112,0
DA:116,0
DA:117,0
DA:118,0
LF:25
LH:0
end_of_record
SF:/Users/scheglov/Source/Dart/sdk.git/sdk/pkg/analyzer/lib/src/dart/micro/analysis_context.dart
DA:25,0
DA:32,0
DA:34,0
DA:40,0
DA:49,0
DA:50,0
DA:52,0
DA:64,0
DA:70,0
DA:71,0
DA:80,0
DA:82,0
DA:84,0
DA:85,0
DA:87,0
DA:90,0
DA:91,0
DA:93,0
DA:96,0
DA:98,0
DA:99,0
DA:100,0
DA:102,0
DA:105,0
DA:107,0
DA:109,0
DA:111,0
DA:112,0
DA:113,0
DA:114,0
DA:117,0
DA:121,0
DA:122,0
DA:143,0
DA:152,0
DA:155,0
DA:156,0
DA:158,0
DA:159,0
DA:176,0
DA:180,0
DA:182,0
DA:184,0
DA:186,0
DA:188,0
DA:189,0
DA:190,0
DA:194,0
DA:196,0
DA:199,0
DA:202,0
DA:204,0
DA:207,0
DA:209,0
DA:212,0
DA:213,0
DA:220,0
DA:222,0
DA:224,0
DA:227,0
DA:229,0
LF:61
LH:0
end_of_record
SF:/Users/scheglov/Source/Dart/sdk.git/sdk/pkg/analyzer/lib/src/dart/micro/utils.dart
DA:14,0
DA:18,0
DA:19,0
DA:21,0
DA:22,0
DA:24,0
DA:30,0
DA:31,0
DA:32,0
DA:33,0
DA:35,0
DA:38,0
DA:39,0
DA:40,0
DA:41,0
DA:43,0
DA:45,0
DA:46,0
DA:55,0
DA:59,0
DA:60,0
DA:61,0
DA:63,0
DA:64,0
DA:65,0
DA:67,0
DA:73,0
DA:82,0
DA:84,0
DA:85,0
DA:86,0
DA:92,0
DA:94,0
DA:95,0
DA:97,0
DA:99,0
DA:100,0
DA:108,0
DA:109,0
DA:110,0
DA:120,0
DA:124,0
DA:125,0
DA:132,0
DA:133,0
DA:134,0
DA:135,0
DA:136,0
DA:143,0
DA:144,0
DA:145,0
DA:159,0
DA:165,0
DA:168,0
DA:172,0
DA:173,0
DA:174,0
DA:175,0
DA:177,0
DA:181,0
DA:185,0
DA:189,0
DA:190,0
DA:193,0
DA:194,0
DA:201,0
DA:202,0
DA:205,0
DA:206,0
DA:209,0
DA:210,0
DA:211,0
DA:214,0
DA:215,0
DA:216,0
DA:217,0
DA:218,0
DA:230,0
DA:266,1
DA:268,0
DA:269,0
DA:276,0
DA:278,0
DA:280,0
DA:281,0
DA:283,0
DA:284,0
DA:285,0
DA:286,0
DA:288,0
DA:289,0
DA:290,0
DA:291,0
DA:292,0
DA:293,0
DA:297,0
DA:298,0
DA:299,0
DA:300,0
DA:306,0
DA:307,0
DA:308,0
DA:309,0
DA:310,0
DA:311,0
DA:312,0
DA:320,0
DA:322,0
DA:323,0
DA:324,0
DA:325,0
DA:326,0
DA:327,0
DA:328,0
DA:329,0
DA:332,0
DA:333,0
DA:337,0
DA:340,0
DA:342,0
DA:347,0
DA:349,0
DA:350,0
DA:351,0
DA:352,0
DA:353,0
DA:354,0
DA:360,0
DA:361,0
DA:362,0
DA:365,0
DA:368,0
DA:370,0
DA:371,0
DA:375,0
DA:376,0
DA:378,0
DA:383,0
DA:384,0
DA:385,0
DA:387,0
DA:390,0
DA:391,0
DA:393,0
DA:394,0
DA:395,0
DA:399,0
DA:401,0
DA:402,0
DA:405,0
DA:407,0
DA:408,0
DA:410,0
DA:414,0
DA:417,0
DA:421,0
DA:423,0
DA:424,0
DA:425,0
DA:429,0
DA:430,0
DA:433,0
DA:437,0
DA:438,0
DA:439,0
DA:440,0
DA:441,0
DA:442,0
DA:444,0
DA:445,0
DA:450,0
DA:452,0
DA:455,0
DA:456,0
DA:457,0
DA:458,0
DA:459,0
DA:460,0
DA:469,0
DA:473,0
DA:475,0
DA:476,0
DA:477,0
DA:478,0
DA:479,0
DA:480,0
DA:482,0
DA:483,0
LF:188
LH:1
end_of_record
SF:/Users/scheglov/Source/Dart/sdk.git/sdk/pkg/analyzer/lib/src/dart/ast/element_locator.dart
DA:14,0
DA:17,0
DA:18,0
DA:24,0
DA:26,0
DA:29,0
DA:31,0
DA:34,0
DA:36,0
DA:39,0
DA:41,0
DA:44,0
DA:46,0
DA:49,0
DA:51,0
DA:54,0
DA:56,0
DA:59,0
DA:61,0
DA:64,0
DA:66,0
DA:69,0
DA:71,0
DA:72,0
DA:73,0
DA:74,0
DA:75,0
DA:81,0
DA:83,0
DA:86,0
DA:88,0
DA:91,0
DA:93,0
DA:96,0
DA:98,0
DA:101,0
DA:103,0
DA:106,0
DA:108,0
DA:111,0
DA:113,0
DA:116,0
DA:118,0
DA:121,0
DA:123,0
DA:126,0
DA:128,0
DA:131,0
DA:133,0
DA:136,0
DA:138,0
DA:141,0
DA:143,0
DA:144,0
DA:146,0
DA:147,0
DA:149,0
DA:151,0
DA:153,0
DA:155,0
DA:157,0
DA:158,0
DA:159,0
DA:161,0
DA:162,0
DA:164,0
DA:165,0
DA:166,0
DA:167,0
DA:168,0
DA:169,0
DA:172,0
DA:173,0
DA:174,0
DA:175,0
DA:179,0
DA:182,0
DA:184,0
DA:187,0
DA:189,0
DA:192,0
DA:194,0
DA:197,0
DA:199,0
DA:202,0
DA:204,0
DA:207,0
DA:209,0
DA:212,0
DA:214,0
DA:217,0
DA:219,0
DA:222,0
DA:224,0
DA:227,0
DA:229,0
DA:232,0
DA:234,0
DA:237,0
DA:239,0
DA:240,0
DA:241,0
DA:247,0
DA:249,0
DA:252,0
DA:254,0
DA:257,0
DA:259,0
DA:262,0
DA:266,0
DA:267,0
DA:270,0
DA:272,0
DA:275,0
DA:277,0
DA:278,0
DA:279,0
DA:280,0
DA:281,0
DA:282,0
DA:288,0
DA:290,0
DA:293,0
DA:295,0
LF:124
LH:0
end_of_record
SF:/Users/scheglov/Source/Dart/sdk.git/sdk/pkg/analyzer/lib/src/lint/io.dart
DA:11,0
DA:14,0
DA:17,0
DA:20,0
DA:21,0
DA:24,0
LF:6
LH:0
end_of_record
SF:/Users/scheglov/Source/Dart/sdk.git/sdk/pkg/analyzer/lib/src/lint/util.dart
DA:14,0
DA:18,0
DA:24,0
DA:25,0
DA:27,0
DA:28,0
DA:29,0
DA:32,0
DA:34,0
DA:35,0
DA:38,0
DA:42,0
DA:45,0
DA:49,0
DA:50,0
DA:51,0
DA:56,0
DA:57,0
DA:58,0
DA:65,0
DA:66,0
DA:67,0
DA:71,0
DA:72,0
DA:74,0
DA:76,0
DA:77,0
DA:86,0
DA:88,0
DA:89,0
DA:91,0
DA:92,0
DA:93,0
DA:94,0
DA:95,0
DA:96,0
DA:101,0
DA:102,0
DA:104,0
DA:106,0
DA:112,0
DA:114,0
DA:116,0
DA:118,0
DA:119,0
DA:120,0
DA:123,0
DA:125,0
DA:126,0
DA:127,0
DA:130,0
DA:131,0
LF:52
LH:0
end_of_record
SF:/Users/scheglov/Source/Dart/sdk.git/sdk/pkg/analyzer/lib/src/dart/resolver/exit_detector.dart
DA:27,0
DA:29,0
DA:31,0
DA:32,0
DA:34,0
DA:37,0
DA:40,0
DA:42,0
DA:43,0
DA:46,0
DA:47,0
DA:48,0
DA:49,0
DA:52,0
DA:55,0
DA:58,0
DA:60,0
DA:62,0
DA:64,0
DA:65,0
DA:66,0
DA:72,0
DA:73,0
DA:74,0
DA:75,0
DA:78,0
DA:82,0
DA:83,0
DA:84,0
DA:85,0
DA:88,0
DA:92,0
DA:93,0
DA:95,0
DA:98,0
DA:99,0
DA:101,0
DA:102,0
DA:104,0
DA:106,0
DA:107,0
DA:108,0
DA:113,0
DA:115,0
DA:117,0
DA:119,0
DA:120,0
DA:121,0
DA:125,0
DA:128,0
DA:131,0
DA:134,0
DA:136,0
DA:140,0
DA:142,0
DA:143,0
DA:144,0
DA:145,0
DA:147,0
DA:149,0
DA:155,0
DA:156,0
DA:160,0
DA:162,0
DA:168,0
DA:169,0
DA:173,0
DA:176,0
DA:178,0
DA:180,0
DA:183,0
DA:185,0
DA:186,0
DA:188,0
DA:189,0
DA:190,0
DA:191,0
DA:194,0
DA:195,0
DA:196,0
DA:200,0
DA:201,0
DA:204,0
DA:207,0
DA:213,0
DA:214,0
DA:216,0
DA:221,0
DA:222,0
DA:227,0
DA:231,0
DA:236,0
DA:238,0
DA:239,0
DA:240,0
DA:242,0
DA:243,0
DA:248,0
DA:255,0
DA:256,0
DA:257,0
DA:258,0
DA:259,0
DA:260,0
DA:261,0
DA:262,0
DA:264,0
DA:267,0
DA:270,0
DA:273,0
DA:276,0
DA:279,0
DA:284,0
DA:286,0
DA:292,0
DA:296,0
DA:300,0
DA:303,0
DA:305,0
DA:308,0
DA:311,0
DA:315,0
DA:318,0
DA:321,0
DA:324,0
DA:326,0
DA:327,0
DA:328,0
DA:329,0
DA:333,0
DA:334,0
DA:335,0
DA:336,0
DA:337,0
DA:340,0
DA:341,0
DA:348,0
DA:350,0
DA:351,0
DA:352,0
DA:353,0
DA:357,0
DA:358,0
DA:359,0
DA:360,0
DA:361,0
DA:364,0
DA:365,0
DA:372,0
DA:374,0
DA:377,0
DA:379,0
DA:380,0
DA:383,0
DA:389,0
DA:391,0
DA:393,0
DA:394,0
DA:396,0
DA:399,0
DA:402,0
DA:404,0
DA:407,0
DA:411,0
DA:413,0
DA:414,0
DA:421,0
DA:424,0
DA:426,0
DA:429,0
DA:431,0
DA:433,0
DA:436,0
DA:440,0
DA:441,0
DA:444,0
DA:447,0
DA:449,0
DA:451,0
DA:454,0
DA:456,0
DA:457,0
DA:461,0
DA:463,0
DA:465,0
DA:467,0
DA:469,0
DA:471,0
DA:473,0
DA:476,0
DA:478,0
DA:481,0
DA:484,0
DA:486,0
DA:487,0
DA:490,0
DA:493,0
DA:496,0
DA:498,0
DA:499,0
DA:506,0
DA:508,0
DA:511,0
DA:514,0
DA:515,0
DA:517,0
DA:519,0
DA:521,0
DA:523,0
DA:524,0
DA:531,0
DA:533,0
DA:534,0
DA:537,0
DA:539,0
DA:542,0
DA:544,0
DA:545,0
DA:549,0
DA:550,0
DA:551,0
DA:552,0
DA:556,0
DA:564,0
DA:574,0
DA:578,0
DA:581,0
DA:584,0
DA:586,0
DA:589,0
DA:592,0
DA:593,0
DA:600,0
DA:601,0
DA:603,0
DA:605,0
DA:607,0
DA:612,0
DA:614,0
DA:616,0
DA:618,0
DA:619,0
DA:620,0
DA:627,0
DA:629,0
DA:630,0
DA:632,0
DA:633,0
DA:636,0
DA:638,0
DA:650,0
DA:656,0
DA:660,0
DA:661,0
DA:665,0
DA:667,0
DA:668,0
DA:674,0
DA:678,0
DA:681,0
DA:682,0
DA:683,0
DA:690,0
DA:691,0
DA:692,0
DA:699,0
DA:702,0
DA:703,0
DA:711,0
DA:712,0
DA:715,0
DA:716,0
DA:717,0
DA:718,0
DA:719,0
LF:275
LH:0
end_of_record
SF:/Users/scheglov/Source/Dart/sdk.git/sdk/pkg/analyzer/lib/utilities/extensions/uri.dart
DA:8,0
DA:9,0
DA:10,0
DA:11,0
DA:15,0
DA:16,0
DA:17,0
DA:18,0
DA:19,0
DA:20,0
LF:10
LH:0
end_of_record
